<testsuites id="" name="" tests="288" failures="191" skipped="13" errors="0" time="744.179477">
<testsuite name="e2e.spec.js" timestamp="2026-01-27T00:34:48.184Z" hostname="chromium" tests="14" failures="12" skipped="0" time="212.579" errors="0">
<testcase name="End-to-End User Workflows › Anonymous User Journey › should complete registration workflow with accessibility" classname="e2e.spec.js" time="30.822">
<failure message="e2e.spec.js:18:5 should complete registration workflow with accessibility" type="FAILURE">
<![CDATA[  [chromium] › e2e.spec.js:18:5 › End-to-End User Workflows › Anonymous User Journey › should complete registration workflow with accessibility 

    Test timeout of 30000ms exceeded.

    Error: page.waitForLoadState: Test timeout of 30000ms exceeded.

      21 |       // Navigate to landing page
      22 |       await page.goto("/");
    > 23 |       await page.waitForLoadState("networkidle");
         |                  ^
      24 |
      25 |       // Check accessibility of landing page
      26 |       const landingAccessibility = await runAccessibilityTests(page);
        at /home/leila/Desktop/my-projects/backend/node.js/appointment-booking-app/frontend/tests/e2e.spec.js:23:18

    attachment #1: screenshot (image/png) ──────────────────────────────────────────────────────────
    ../test-results/e2e-End-to-End-User-Workfl-28c41-workflow-with-accessibility-chromium/test-failed-1.png
    ────────────────────────────────────────────────────────────────────────────────────────────────

    attachment #2: video (video/webm) ──────────────────────────────────────────────────────────────
    ../test-results/e2e-End-to-End-User-Workfl-28c41-workflow-with-accessibility-chromium/video.webm
    ────────────────────────────────────────────────────────────────────────────────────────────────

    Error Context: ../test-results/e2e-End-to-End-User-Workfl-28c41-workflow-with-accessibility-chromium/error-context.md
]]>
</failure>
<system-out>
<![CDATA[
[[ATTACHMENT|e2e-End-to-End-User-Workfl-28c41-workflow-with-accessibility-chromium/test-failed-1.png]]

[[ATTACHMENT|e2e-End-to-End-User-Workfl-28c41-workflow-with-accessibility-chromium/video.webm]]

[[ATTACHMENT|e2e-End-to-End-User-Workfl-28c41-workflow-with-accessibility-chromium/error-context.md]]
]]>
</system-out>
</testcase>
<testcase name="End-to-End User Workflows › Anonymous User Journey › should complete login workflow with accessibility" classname="e2e.spec.js" time="8.58">
<failure message="e2e.spec.js:78:5 should complete login workflow with accessibility" type="FAILURE">
<![CDATA[  [chromium] › e2e.spec.js:78:5 › End-to-End User Workflows › Anonymous User Journey › should complete login workflow with accessibility 

    Error: expect(received).toBe(expected) // Object.is equality

    Expected: 0
    Received: 3

      84 |       // Check accessibility of login page
      85 |       const loginAccessibility = await runAccessibilityTests(page);
    > 86 |       expect(loginAccessibility.violations.length).toBe(0);
         |                                                    ^
      87 |
      88 |       // Test keyboard navigation
      89 |       await page.keyboard.press("Tab");
        at /home/leila/Desktop/my-projects/backend/node.js/appointment-booking-app/frontend/tests/e2e.spec.js:86:52

    attachment #1: screenshot (image/png) ──────────────────────────────────────────────────────────
    ../test-results/e2e-End-to-End-User-Workfl-6975f-workflow-with-accessibility-chromium/test-failed-1.png
    ────────────────────────────────────────────────────────────────────────────────────────────────

    attachment #2: video (video/webm) ──────────────────────────────────────────────────────────────
    ../test-results/e2e-End-to-End-User-Workfl-6975f-workflow-with-accessibility-chromium/video.webm
    ────────────────────────────────────────────────────────────────────────────────────────────────

    attachment #3: video (video/webm) ──────────────────────────────────────────────────────────────
    ../test-results/e2e-End-to-End-User-Workfl-6975f-workflow-with-accessibility-chromium/video-1.webm
    ────────────────────────────────────────────────────────────────────────────────────────────────

    Error Context: ../test-results/e2e-End-to-End-User-Workfl-6975f-workflow-with-accessibility-chromium/error-context.md
]]>
</failure>
<system-out>
<![CDATA[
[[ATTACHMENT|e2e-End-to-End-User-Workfl-6975f-workflow-with-accessibility-chromium/test-failed-1.png]]

[[ATTACHMENT|e2e-End-to-End-User-Workfl-6975f-workflow-with-accessibility-chromium/video.webm]]

[[ATTACHMENT|e2e-End-to-End-User-Workfl-6975f-workflow-with-accessibility-chromium/video-1.webm]]

[[ATTACHMENT|e2e-End-to-End-User-Workfl-6975f-workflow-with-accessibility-chromium/error-context.md]]
]]>
</system-out>
</testcase>
<testcase name="End-to-End User Workflows › Authenticated User Journey › should complete appointment booking workflow with accessibility" classname="e2e.spec.js" time="10.016">
<failure message="e2e.spec.js:122:5 should complete appointment booking workflow with accessibility" type="FAILURE">
<![CDATA[  [chromium] › e2e.spec.js:122:5 › End-to-End User Workflows › Authenticated User Journey › should complete appointment booking workflow with accessibility 

    Error: expect(received).toBe(expected) // Object.is equality

    Expected: 0
    Received: 3

      128 |
      129 |       const dashboardAccessibility = await runAccessibilityTests(page);
    > 130 |       expect(dashboardAccessibility.violations.length).toBe(0);
          |                                                        ^
      131 |
      132 |       // Navigate to appointment booking
      133 |       await page.click("text=Book Appointment");
        at /home/leila/Desktop/my-projects/backend/node.js/appointment-booking-app/frontend/tests/e2e.spec.js:130:56

    attachment #1: screenshot (image/png) ──────────────────────────────────────────────────────────
    ../test-results/e2e-End-to-End-User-Workfl-9404c-workflow-with-accessibility-chromium/test-failed-1.png
    ────────────────────────────────────────────────────────────────────────────────────────────────

    attachment #2: video (video/webm) ──────────────────────────────────────────────────────────────
    ../test-results/e2e-End-to-End-User-Workfl-9404c-workflow-with-accessibility-chromium/video-1.webm
    ────────────────────────────────────────────────────────────────────────────────────────────────

    attachment #3: video (video/webm) ──────────────────────────────────────────────────────────────
    ../test-results/e2e-End-to-End-User-Workfl-9404c-workflow-with-accessibility-chromium/video.webm
    ────────────────────────────────────────────────────────────────────────────────────────────────

    Error Context: ../test-results/e2e-End-to-End-User-Workfl-9404c-workflow-with-accessibility-chromium/error-context.md
]]>
</failure>
<system-out>
<![CDATA[
[[ATTACHMENT|e2e-End-to-End-User-Workfl-9404c-workflow-with-accessibility-chromium/test-failed-1.png]]

[[ATTACHMENT|e2e-End-to-End-User-Workfl-9404c-workflow-with-accessibility-chromium/video-1.webm]]

[[ATTACHMENT|e2e-End-to-End-User-Workfl-9404c-workflow-with-accessibility-chromium/video.webm]]

[[ATTACHMENT|e2e-End-to-End-User-Workfl-9404c-workflow-with-accessibility-chromium/error-context.md]]
]]>
</system-out>
</testcase>
<testcase name="End-to-End User Workflows › Authenticated User Journey › should manage appointments with accessibility" classname="e2e.spec.js" time="10.419">
<failure message="e2e.spec.js:183:5 should manage appointments with accessibility" type="FAILURE">
<![CDATA[  [chromium] › e2e.spec.js:183:5 › End-to-End User Workflows › Authenticated User Journey › should manage appointments with accessibility 

    Error: expect(received).toBe(expected) // Object.is equality

    Expected: 0
    Received: 3

      187 |       // Check appointments page accessibility
      188 |       const appointmentsAccessibility = await runAccessibilityTests(page);
    > 189 |       expect(appointmentsAccessibility.violations.length).toBe(0);
          |                                                           ^
      190 |
      191 |       // Test appointment list accessibility
      192 |       const appointmentItems = page.locator(".appointment-item, tr");
        at /home/leila/Desktop/my-projects/backend/node.js/appointment-booking-app/frontend/tests/e2e.spec.js:189:59

    attachment #1: screenshot (image/png) ──────────────────────────────────────────────────────────
    ../test-results/e2e-End-to-End-User-Workfl-8caf0-intments-with-accessibility-chromium/test-failed-1.png
    ────────────────────────────────────────────────────────────────────────────────────────────────

    attachment #2: video (video/webm) ──────────────────────────────────────────────────────────────
    ../test-results/e2e-End-to-End-User-Workfl-8caf0-intments-with-accessibility-chromium/video-1.webm
    ────────────────────────────────────────────────────────────────────────────────────────────────

    attachment #3: video (video/webm) ──────────────────────────────────────────────────────────────
    ../test-results/e2e-End-to-End-User-Workfl-8caf0-intments-with-accessibility-chromium/video.webm
    ────────────────────────────────────────────────────────────────────────────────────────────────

    Error Context: ../test-results/e2e-End-to-End-User-Workfl-8caf0-intments-with-accessibility-chromium/error-context.md
]]>
</failure>
<system-out>
<![CDATA[
[[ATTACHMENT|e2e-End-to-End-User-Workfl-8caf0-intments-with-accessibility-chromium/test-failed-1.png]]

[[ATTACHMENT|e2e-End-to-End-User-Workfl-8caf0-intments-with-accessibility-chromium/video-1.webm]]

[[ATTACHMENT|e2e-End-to-End-User-Workfl-8caf0-intments-with-accessibility-chromium/video.webm]]

[[ATTACHMENT|e2e-End-to-End-User-Workfl-8caf0-intments-with-accessibility-chromium/error-context.md]]
]]>
</system-out>
</testcase>
<testcase name="Responsive End-to-End Tests › Mobile Workflow (375x667) › should complete user registration on mobile" classname="e2e.spec.js" time="5.473">
<failure message="e2e.spec.js:240:7 should complete user registration on mobile" type="FAILURE">
<![CDATA[  [chromium] › e2e.spec.js:240:7 › Responsive End-to-End Tests › Mobile Workflow (375x667) › should complete user registration on mobile 

    Error: expect(received).toBe(expected) // Object.is equality

    Expected: 0
    Received: 4

      244 |         // Check responsive accessibility
      245 |         const accessibility = await runAccessibilityTests(page);
    > 246 |         expect(accessibility.violations.length).toBe(0);
          |                                                 ^
      247 |
      248 |         // Test form usability on mobile
      249 |         const form = page.locator("form");
        at /home/leila/Desktop/my-projects/backend/node.js/appointment-booking-app/frontend/tests/e2e.spec.js:246:49

    attachment #1: screenshot (image/png) ──────────────────────────────────────────────────────────
    ../test-results/e2e-Responsive-End-to-End--df81e-user-registration-on-mobile-chromium/test-failed-1.png
    ────────────────────────────────────────────────────────────────────────────────────────────────

    attachment #2: video (video/webm) ──────────────────────────────────────────────────────────────
    ../test-results/e2e-Responsive-End-to-End--df81e-user-registration-on-mobile-chromium/video-1.webm
    ────────────────────────────────────────────────────────────────────────────────────────────────

    attachment #3: video (video/webm) ──────────────────────────────────────────────────────────────
    ../test-results/e2e-Responsive-End-to-End--df81e-user-registration-on-mobile-chromium/video.webm
    ────────────────────────────────────────────────────────────────────────────────────────────────

    Error Context: ../test-results/e2e-Responsive-End-to-End--df81e-user-registration-on-mobile-chromium/error-context.md
]]>
</failure>
<system-out>
<![CDATA[
[[ATTACHMENT|e2e-Responsive-End-to-End--df81e-user-registration-on-mobile-chromium/test-failed-1.png]]

[[ATTACHMENT|e2e-Responsive-End-to-End--df81e-user-registration-on-mobile-chromium/video-1.webm]]

[[ATTACHMENT|e2e-Responsive-End-to-End--df81e-user-registration-on-mobile-chromium/video.webm]]

[[ATTACHMENT|e2e-Responsive-End-to-End--df81e-user-registration-on-mobile-chromium/error-context.md]]
]]>
</system-out>
</testcase>
<testcase name="Responsive End-to-End Tests › Mobile Workflow (375x667) › should have accessible navigation on mobile" classname="e2e.spec.js" time="35.32">
<failure message="e2e.spec.js:279:7 should have accessible navigation on mobile" type="FAILURE">
<![CDATA[  [chromium] › e2e.spec.js:279:7 › Responsive End-to-End Tests › Mobile Workflow (375x667) › should have accessible navigation on mobile 

    Test timeout of 30000ms exceeded.

    Error: page.goto: Test timeout of 30000ms exceeded.
    Call log:
      - navigating to "http://localhost:5173/", waiting until "load"


      278 |
      279 |       test("should have accessible navigation on mobile", async ({ page }) => {
    > 280 |         await page.goto("/");
          |                    ^
      281 |         await page.waitForLoadState("networkidle");
      282 |
      283 |         // Test mobile menu accessibility
        at /home/leila/Desktop/my-projects/backend/node.js/appointment-booking-app/frontend/tests/e2e.spec.js:280:20

    attachment #1: video (video/webm) ──────────────────────────────────────────────────────────────
    ../test-results/e2e-Responsive-End-to-End--196a5-ssible-navigation-on-mobile-chromium/video.webm
    ────────────────────────────────────────────────────────────────────────────────────────────────

    Error Context: ../test-results/e2e-Responsive-End-to-End--196a5-ssible-navigation-on-mobile-chromium/error-context.md
]]>
</failure>
<system-out>
<![CDATA[
[[ATTACHMENT|e2e-Responsive-End-to-End--196a5-ssible-navigation-on-mobile-chromium/video.webm]]

[[ATTACHMENT|e2e-Responsive-End-to-End--196a5-ssible-navigation-on-mobile-chromium/error-context.md]]
]]>
</system-out>
</testcase>
<testcase name="Responsive End-to-End Tests › Tablet Workflow (768x1024) › should complete user registration on mobile" classname="e2e.spec.js" time="5.556">
<failure message="e2e.spec.js:240:7 should complete user registration on mobile" type="FAILURE">
<![CDATA[  [chromium] › e2e.spec.js:240:7 › Responsive End-to-End Tests › Tablet Workflow (768x1024) › should complete user registration on mobile 

    Error: expect(received).toBe(expected) // Object.is equality

    Expected: 0
    Received: 4

      244 |         // Check responsive accessibility
      245 |         const accessibility = await runAccessibilityTests(page);
    > 246 |         expect(accessibility.violations.length).toBe(0);
          |                                                 ^
      247 |
      248 |         // Test form usability on mobile
      249 |         const form = page.locator("form");
        at /home/leila/Desktop/my-projects/backend/node.js/appointment-booking-app/frontend/tests/e2e.spec.js:246:49

    attachment #1: screenshot (image/png) ──────────────────────────────────────────────────────────
    ../test-results/e2e-Responsive-End-to-End--d00cb-user-registration-on-mobile-chromium/test-failed-1.png
    ────────────────────────────────────────────────────────────────────────────────────────────────

    attachment #2: video (video/webm) ──────────────────────────────────────────────────────────────
    ../test-results/e2e-Responsive-End-to-End--d00cb-user-registration-on-mobile-chromium/video.webm
    ────────────────────────────────────────────────────────────────────────────────────────────────

    attachment #3: video (video/webm) ──────────────────────────────────────────────────────────────
    ../test-results/e2e-Responsive-End-to-End--d00cb-user-registration-on-mobile-chromium/video-1.webm
    ────────────────────────────────────────────────────────────────────────────────────────────────

    Error Context: ../test-results/e2e-Responsive-End-to-End--d00cb-user-registration-on-mobile-chromium/error-context.md
]]>
</failure>
<system-out>
<![CDATA[
[[ATTACHMENT|e2e-Responsive-End-to-End--d00cb-user-registration-on-mobile-chromium/test-failed-1.png]]

[[ATTACHMENT|e2e-Responsive-End-to-End--d00cb-user-registration-on-mobile-chromium/video.webm]]

[[ATTACHMENT|e2e-Responsive-End-to-End--d00cb-user-registration-on-mobile-chromium/video-1.webm]]

[[ATTACHMENT|e2e-Responsive-End-to-End--d00cb-user-registration-on-mobile-chromium/error-context.md]]
]]>
</system-out>
</testcase>
<testcase name="Responsive End-to-End Tests › Tablet Workflow (768x1024) › should have accessible navigation on mobile" classname="e2e.spec.js" time="32.626">
<failure message="e2e.spec.js:279:7 should have accessible navigation on mobile" type="FAILURE">
<![CDATA[  [chromium] › e2e.spec.js:279:7 › Responsive End-to-End Tests › Tablet Workflow (768x1024) › should have accessible navigation on mobile 

    Test timeout of 30000ms exceeded.

    Error: locator.count: Test timeout of 30000ms exceeded.

      285 |           ".mobile-menu-btn, .hamburger, [aria-expanded]"
      286 |         );
    > 287 |         if ((await menuButton.count()) > 0) {
          |                               ^
      288 |           await menuButton.first().click();
      289 |
      290 |           // Check menu is accessible
        at /home/leila/Desktop/my-projects/backend/node.js/appointment-booking-app/frontend/tests/e2e.spec.js:287:31

    attachment #1: screenshot (image/png) ──────────────────────────────────────────────────────────
    ../test-results/e2e-Responsive-End-to-End--43191-ssible-navigation-on-mobile-chromium/test-failed-1.png
    ────────────────────────────────────────────────────────────────────────────────────────────────

    attachment #2: video (video/webm) ──────────────────────────────────────────────────────────────
    ../test-results/e2e-Responsive-End-to-End--43191-ssible-navigation-on-mobile-chromium/video.webm
    ────────────────────────────────────────────────────────────────────────────────────────────────

    Error Context: ../test-results/e2e-Responsive-End-to-End--43191-ssible-navigation-on-mobile-chromium/error-context.md
]]>
</failure>
<system-out>
<![CDATA[
[[ATTACHMENT|e2e-Responsive-End-to-End--43191-ssible-navigation-on-mobile-chromium/test-failed-1.png]]

[[ATTACHMENT|e2e-Responsive-End-to-End--43191-ssible-navigation-on-mobile-chromium/video.webm]]

[[ATTACHMENT|e2e-Responsive-End-to-End--43191-ssible-navigation-on-mobile-chromium/error-context.md]]
]]>
</system-out>
</testcase>
<testcase name="Responsive End-to-End Tests › Desktop Workflow (1920x1080) › should complete user registration on mobile" classname="e2e.spec.js" time="5.853">
<failure message="e2e.spec.js:240:7 should complete user registration on mobile" type="FAILURE">
<![CDATA[  [chromium] › e2e.spec.js:240:7 › Responsive End-to-End Tests › Desktop Workflow (1920x1080) › should complete user registration on mobile 

    Error: expect(received).toBe(expected) // Object.is equality

    Expected: 0
    Received: 4

      244 |         // Check responsive accessibility
      245 |         const accessibility = await runAccessibilityTests(page);
    > 246 |         expect(accessibility.violations.length).toBe(0);
          |                                                 ^
      247 |
      248 |         // Test form usability on mobile
      249 |         const form = page.locator("form");
        at /home/leila/Desktop/my-projects/backend/node.js/appointment-booking-app/frontend/tests/e2e.spec.js:246:49

    attachment #1: screenshot (image/png) ──────────────────────────────────────────────────────────
    ../test-results/e2e-Responsive-End-to-End--432a9-user-registration-on-mobile-chromium/test-failed-1.png
    ────────────────────────────────────────────────────────────────────────────────────────────────

    attachment #2: video (video/webm) ──────────────────────────────────────────────────────────────
    ../test-results/e2e-Responsive-End-to-End--432a9-user-registration-on-mobile-chromium/video-1.webm
    ────────────────────────────────────────────────────────────────────────────────────────────────

    attachment #3: video (video/webm) ──────────────────────────────────────────────────────────────
    ../test-results/e2e-Responsive-End-to-End--432a9-user-registration-on-mobile-chromium/video.webm
    ────────────────────────────────────────────────────────────────────────────────────────────────

    Error Context: ../test-results/e2e-Responsive-End-to-End--432a9-user-registration-on-mobile-chromium/error-context.md
]]>
</failure>
<system-out>
<![CDATA[
[[ATTACHMENT|e2e-Responsive-End-to-End--432a9-user-registration-on-mobile-chromium/test-failed-1.png]]

[[ATTACHMENT|e2e-Responsive-End-to-End--432a9-user-registration-on-mobile-chromium/video-1.webm]]

[[ATTACHMENT|e2e-Responsive-End-to-End--432a9-user-registration-on-mobile-chromium/video.webm]]

[[ATTACHMENT|e2e-Responsive-End-to-End--432a9-user-registration-on-mobile-chromium/error-context.md]]
]]>
</system-out>
</testcase>
<testcase name="Responsive End-to-End Tests › Desktop Workflow (1920x1080) › should have accessible navigation on mobile" classname="e2e.spec.js" time="31.396">
<failure message="e2e.spec.js:279:7 should have accessible navigation on mobile" type="FAILURE">
<![CDATA[  [chromium] › e2e.spec.js:279:7 › Responsive End-to-End Tests › Desktop Workflow (1920x1080) › should have accessible navigation on mobile 

    Test timeout of 30000ms exceeded.

    Error: locator.click: Test timeout of 30000ms exceeded.
    Call log:
      - waiting for locator('.mobile-menu-btn, .hamburger, [aria-expanded]').first()
        - locator resolved to <button aria-expanded="false" aria-label="Open navigation menu" class="md:hidden p-2 text-[#1B4332] rounded-lg hover:bg-[#1B4332]/10 transition-colors">…</button>
      - attempting click action
        2 × waiting for element to be visible, enabled and stable
          - element is not visible
        - retrying click action
        - waiting 20ms
        2 × waiting for element to be visible, enabled and stable
          - element is not visible
        - retrying click action
          - waiting 100ms
        12 × waiting for element to be visible, enabled and stable
           - element is not visible
         - retrying click action
           - waiting 500ms


      286 |         );
      287 |         if ((await menuButton.count()) > 0) {
    > 288 |           await menuButton.first().click();
          |                                    ^
      289 |
      290 |           // Check menu is accessible
      291 |           const mobileMenu = page.locator(".mobile-menu, .nav-open");
        at /home/leila/Desktop/my-projects/backend/node.js/appointment-booking-app/frontend/tests/e2e.spec.js:288:36

    attachment #1: screenshot (image/png) ──────────────────────────────────────────────────────────
    ../test-results/e2e-Responsive-End-to-End--b3895-ssible-navigation-on-mobile-chromium/test-failed-1.png
    ────────────────────────────────────────────────────────────────────────────────────────────────

    attachment #2: video (video/webm) ──────────────────────────────────────────────────────────────
    ../test-results/e2e-Responsive-End-to-End--b3895-ssible-navigation-on-mobile-chromium/video.webm
    ────────────────────────────────────────────────────────────────────────────────────────────────

    Error Context: ../test-results/e2e-Responsive-End-to-End--b3895-ssible-navigation-on-mobile-chromium/error-context.md
]]>
</failure>
<system-out>
<![CDATA[
[[ATTACHMENT|e2e-Responsive-End-to-End--b3895-ssible-navigation-on-mobile-chromium/test-failed-1.png]]

[[ATTACHMENT|e2e-Responsive-End-to-End--b3895-ssible-navigation-on-mobile-chromium/video.webm]]

[[ATTACHMENT|e2e-Responsive-End-to-End--b3895-ssible-navigation-on-mobile-chromium/error-context.md]]
]]>
</system-out>
</testcase>
<testcase name="Assistive Technology Workflows › should work with screen reader simulation" classname="e2e.spec.js" time="24.268">
<failure message="e2e.spec.js:314:3 should work with screen reader simulation" type="FAILURE">
<![CDATA[  [chromium] › e2e.spec.js:314:3 › Assistive Technology Workflows › should work with screen reader simulation 

    Error: expect(locator).toHaveCount(expected) failed

    Locator:  locator('main, [role="main"]')
    Expected: 1
    Received: 0
    Timeout:  5000ms

    Call log:
      - Expect "toHaveCount" with timeout 5000ms
      - waiting for locator('main, [role="main"]')
        9 × locator resolved to 0 elements
          - unexpected value "0"


      339 |     // Test landmark navigation
      340 |     const main = page.locator('main, [role="main"]');
    > 341 |     await expect(main).toHaveCount(1);
          |                        ^
      342 |
      343 |     const nav = page.locator('nav, [role="navigation"]');
      344 |     await expect(nav).toHaveCount(1);
        at /home/leila/Desktop/my-projects/backend/node.js/appointment-booking-app/frontend/tests/e2e.spec.js:341:24

    attachment #1: screenshot (image/png) ──────────────────────────────────────────────────────────
    ../test-results/e2e-Assistive-Technology-W-b077b-th-screen-reader-simulation-chromium/test-failed-1.png
    ────────────────────────────────────────────────────────────────────────────────────────────────

    attachment #2: video (video/webm) ──────────────────────────────────────────────────────────────
    ../test-results/e2e-Assistive-Technology-W-b077b-th-screen-reader-simulation-chromium/video.webm
    ────────────────────────────────────────────────────────────────────────────────────────────────

    Error Context: ../test-results/e2e-Assistive-Technology-W-b077b-th-screen-reader-simulation-chromium/error-context.md
]]>
</failure>
<system-out>
<![CDATA[
[[ATTACHMENT|e2e-Assistive-Technology-W-b077b-th-screen-reader-simulation-chromium/test-failed-1.png]]

[[ATTACHMENT|e2e-Assistive-Technology-W-b077b-th-screen-reader-simulation-chromium/video.webm]]

[[ATTACHMENT|e2e-Assistive-Technology-W-b077b-th-screen-reader-simulation-chromium/error-context.md]]
]]>
</system-out>
</testcase>
<testcase name="Assistive Technology Workflows › should support keyboard-only navigation" classname="e2e.spec.js" time="4.128">
<failure message="e2e.spec.js:352:3 should support keyboard-only navigation" type="FAILURE">
<![CDATA[  [chromium] › e2e.spec.js:352:3 › Assistive Technology Workflows › should support keyboard-only navigation 

    Error: page.evaluate: TypeError: el.hasAttribute is not a function
        at eval (eval at evaluate (:290:30), <anonymous>:2:157)
        at UtilityScript.evaluate (<anonymous>:292:16)
        at UtilityScript.<anonymous> (<anonymous>:1:44)
        at eval (eval at evaluate (:290:30), <anonymous>:2:157)
        at UtilityScript.evaluate (<anonymous>:292:16)
        at UtilityScript.<anonymous> (<anonymous>:1:44)
        at /home/leila/Desktop/my-projects/backend/node.js/appointment-booking-app/frontend/tests/e2e.spec.js:368:38

    attachment #1: screenshot (image/png) ──────────────────────────────────────────────────────────
    ../test-results/e2e-Assistive-Technology-W-aa191-rt-keyboard-only-navigation-chromium/test-failed-1.png
    ────────────────────────────────────────────────────────────────────────────────────────────────

    attachment #2: video (video/webm) ──────────────────────────────────────────────────────────────
    ../test-results/e2e-Assistive-Technology-W-aa191-rt-keyboard-only-navigation-chromium/video.webm
    ────────────────────────────────────────────────────────────────────────────────────────────────

    Error Context: ../test-results/e2e-Assistive-Technology-W-aa191-rt-keyboard-only-navigation-chromium/error-context.md
]]>
</failure>
<system-out>
<![CDATA[
[[ATTACHMENT|e2e-Assistive-Technology-W-aa191-rt-keyboard-only-navigation-chromium/test-failed-1.png]]

[[ATTACHMENT|e2e-Assistive-Technology-W-aa191-rt-keyboard-only-navigation-chromium/video.webm]]

[[ATTACHMENT|e2e-Assistive-Technology-W-aa191-rt-keyboard-only-navigation-chromium/error-context.md]]
]]>
</system-out>
</testcase>
<testcase name="Error Handling and Edge Cases › should handle form validation errors accessibly" classname="e2e.spec.js" time="4.155">
</testcase>
<testcase name="Error Handling and Edge Cases › should handle network errors gracefully" classname="e2e.spec.js" time="3.967">
</testcase>
</testsuite>
<testsuite name="guest-booking.spec.js" timestamp="2026-01-27T00:34:48.184Z" hostname="chromium" tests="4" failures="4" skipped="0" time="81.872" errors="0">
<testcase name="Guest Booking Flow › should complete full guest booking workflow with lazy registration" classname="guest-booking.spec.js" time="8.927">
<failure message="guest-booking.spec.js:9:3 should complete full guest booking workflow with lazy registration" type="FAILURE">
<![CDATA[  [chromium] › guest-booking.spec.js:9:3 › Guest Booking Flow › should complete full guest booking workflow with lazy registration 

    Error: expect(locator).toContainText(expected) failed

    Locator: locator('h1')
    Expected substring: "Explore Services"
    Received string:    "Join Our Circle of Thriving Businesses"
    Timeout: 5000ms

    Call log:
      - Expect "toContainText" with timeout 5000ms
      - waiting for locator('h1')
        9 × locator resolved to <h1 class="text-3xl sm:text-4xl font-bold mb-4">Join Our Circle of Thriving Businesses</h1>
          - unexpected value "Join Our Circle of Thriving Businesses"


      17 |
      18 |     // Verify we're on explore page and services are loaded
    > 19 |     await expect(page.locator("h1")).toContainText("Explore Services");
         |                                      ^
      20 |
      21 |     // Find and click on a service's "Book Now" button
      22 |     const bookNowButtons = page.locator('button:has-text("Book Now")');
        at /home/leila/Desktop/my-projects/backend/node.js/appointment-booking-app/frontend/tests/guest-booking.spec.js:19:38

    attachment #1: screenshot (image/png) ──────────────────────────────────────────────────────────
    ../test-results/guest-booking-Guest-Bookin-36ed6-flow-with-lazy-registration-chromium/test-failed-1.png
    ────────────────────────────────────────────────────────────────────────────────────────────────

    attachment #2: video (video/webm) ──────────────────────────────────────────────────────────────
    ../test-results/guest-booking-Guest-Bookin-36ed6-flow-with-lazy-registration-chromium/video.webm
    ────────────────────────────────────────────────────────────────────────────────────────────────

    Error Context: ../test-results/guest-booking-Guest-Bookin-36ed6-flow-with-lazy-registration-chromium/error-context.md
]]>
</failure>
<system-out>
<![CDATA[
[[ATTACHMENT|guest-booking-Guest-Bookin-36ed6-flow-with-lazy-registration-chromium/test-failed-1.png]]

[[ATTACHMENT|guest-booking-Guest-Bookin-36ed6-flow-with-lazy-registration-chromium/video.webm]]

[[ATTACHMENT|guest-booking-Guest-Bookin-36ed6-flow-with-lazy-registration-chromium/error-context.md]]
]]>
</system-out>
</testcase>
<testcase name="Guest Booking Flow › should handle sign-up prompt acceptance" classname="guest-booking.spec.js" time="31.83">
<failure message="guest-booking.spec.js:123:3 should handle sign-up prompt acceptance" type="FAILURE">
<![CDATA[  [chromium] › guest-booking.spec.js:123:3 › Guest Booking Flow › should handle sign-up prompt acceptance 

    Test timeout of 30000ms exceeded.

    Error: locator.click: Test timeout of 30000ms exceeded.
    Call log:
      - waiting for locator('button:has-text("Book Now")').first()


      128 |     // Click Book Now on first service
      129 |     const bookNowButtons = page.locator('button:has-text("Book Now")');
    > 130 |     await bookNowButtons.first().click();
          |                                  ^
      131 |
      132 |     // Fill guest details
      133 |     await page.locator("#guestName").fill("Jane Smith");
        at /home/leila/Desktop/my-projects/backend/node.js/appointment-booking-app/frontend/tests/guest-booking.spec.js:130:34

    attachment #1: screenshot (image/png) ──────────────────────────────────────────────────────────
    ../test-results/guest-booking-Guest-Bookin-a550d-e-sign-up-prompt-acceptance-chromium/test-failed-1.png
    ────────────────────────────────────────────────────────────────────────────────────────────────

    attachment #2: video (video/webm) ──────────────────────────────────────────────────────────────
    ../test-results/guest-booking-Guest-Bookin-a550d-e-sign-up-prompt-acceptance-chromium/video.webm
    ────────────────────────────────────────────────────────────────────────────────────────────────

    Error Context: ../test-results/guest-booking-Guest-Bookin-a550d-e-sign-up-prompt-acceptance-chromium/error-context.md
]]>
</failure>
<system-out>
<![CDATA[
[[ATTACHMENT|guest-booking-Guest-Bookin-a550d-e-sign-up-prompt-acceptance-chromium/test-failed-1.png]]

[[ATTACHMENT|guest-booking-Guest-Bookin-a550d-e-sign-up-prompt-acceptance-chromium/video.webm]]

[[ATTACHMENT|guest-booking-Guest-Bookin-a550d-e-sign-up-prompt-acceptance-chromium/error-context.md]]
]]>
</system-out>
</testcase>
<testcase name="Guest Booking Flow › should validate guest booking form fields" classname="guest-booking.spec.js" time="32.402">
<failure message="guest-booking.spec.js:163:3 should validate guest booking form fields" type="FAILURE">
<![CDATA[  [chromium] › guest-booking.spec.js:163:3 › Guest Booking Flow › should validate guest booking form fields 

    Test timeout of 30000ms exceeded.

    Error: locator.click: Test timeout of 30000ms exceeded.
    Call log:
      - waiting for locator('button:has-text("Book Now")').first()


      167 |     // Open booking modal
      168 |     const bookNowButtons = page.locator('button:has-text("Book Now")');
    > 169 |     await bookNowButtons.first().click();
          |                                  ^
      170 |
      171 |     // Select a time slot first
      172 |     await page.waitForTimeout(1000);
        at /home/leila/Desktop/my-projects/backend/node.js/appointment-booking-app/frontend/tests/guest-booking.spec.js:169:34

    attachment #1: screenshot (image/png) ──────────────────────────────────────────────────────────
    ../test-results/guest-booking-Guest-Bookin-aef8a-e-guest-booking-form-fields-chromium/test-failed-1.png
    ────────────────────────────────────────────────────────────────────────────────────────────────

    attachment #2: video (video/webm) ──────────────────────────────────────────────────────────────
    ../test-results/guest-booking-Guest-Bookin-aef8a-e-guest-booking-form-fields-chromium/video.webm
    ────────────────────────────────────────────────────────────────────────────────────────────────

    Error Context: ../test-results/guest-booking-Guest-Bookin-aef8a-e-guest-booking-form-fields-chromium/error-context.md
]]>
</failure>
<system-out>
<![CDATA[
[[ATTACHMENT|guest-booking-Guest-Bookin-aef8a-e-guest-booking-form-fields-chromium/test-failed-1.png]]

[[ATTACHMENT|guest-booking-Guest-Bookin-aef8a-e-guest-booking-form-fields-chromium/video.webm]]

[[ATTACHMENT|guest-booking-Guest-Bookin-aef8a-e-guest-booking-form-fields-chromium/error-context.md]]
]]>
</system-out>
</testcase>
<testcase name="Guest Booking Flow › should allow browsing provider profiles" classname="guest-booking.spec.js" time="8.713">
<failure message="guest-booking.spec.js:203:3 should allow browsing provider profiles" type="FAILURE">
<![CDATA[  [chromium] › guest-booking.spec.js:203:3 › Guest Booking Flow › should allow browsing provider profiles 

    Error: expect(locator).toBeVisible() failed

    Locator: locator('button:has-text("View Profile")').first()
    Expected: visible
    Timeout: 5000ms
    Error: element(s) not found

    Call log:
      - Expect "toBeVisible" with timeout 5000ms
      - waiting for locator('button:has-text("View Profile")').first()


      207 |     // Find "View Profile" button
      208 |     const viewProfileButtons = page.locator('button:has-text("View Profile")');
    > 209 |     await expect(viewProfileButtons.first()).toBeVisible();
          |                                              ^
      210 |
      211 |     // Click View Profile
      212 |     await viewProfileButtons.first().click();
        at /home/leila/Desktop/my-projects/backend/node.js/appointment-booking-app/frontend/tests/guest-booking.spec.js:209:46

    attachment #1: screenshot (image/png) ──────────────────────────────────────────────────────────
    ../test-results/guest-booking-Guest-Bookin-10258--browsing-provider-profiles-chromium/test-failed-1.png
    ────────────────────────────────────────────────────────────────────────────────────────────────

    attachment #2: video (video/webm) ──────────────────────────────────────────────────────────────
    ../test-results/guest-booking-Guest-Bookin-10258--browsing-provider-profiles-chromium/video.webm
    ────────────────────────────────────────────────────────────────────────────────────────────────

    Error Context: ../test-results/guest-booking-Guest-Bookin-10258--browsing-provider-profiles-chromium/error-context.md
]]>
</failure>
<system-out>
<![CDATA[
[[ATTACHMENT|guest-booking-Guest-Bookin-10258--browsing-provider-profiles-chromium/test-failed-1.png]]

[[ATTACHMENT|guest-booking-Guest-Bookin-10258--browsing-provider-profiles-chromium/video.webm]]

[[ATTACHMENT|guest-booking-Guest-Bookin-10258--browsing-provider-profiles-chromium/error-context.md]]
]]>
</system-out>
</testcase>
</testsuite>
<testsuite name="uat.spec.js" timestamp="2026-01-27T00:34:48.184Z" hostname="chromium" tests="18" failures="4" skipped="2" time="164.996" errors="0">
<testcase name="User Acceptance Testing (UAT) › New User Registration &amp; First Appointment › should complete Complete workflow for a new user registering and booking their first appointment" classname="uat.spec.js" time="30.505">
<failure message="uat.spec.js:201:7 should complete Complete workflow for a new user registering and booking their first appointment" type="FAILURE">
<![CDATA[  [chromium] › uat.spec.js:201:7 › User Acceptance Testing (UAT) › New User Registration & First Appointment › should complete Complete workflow for a new user registering and booking their first appointment 

    Test timeout of 30000ms exceeded.

    Error: page.click: Test timeout of 30000ms exceeded.
    Call log:
      - waiting for locator('text=Register, [href*="register"], .register-btn')


      429 |
      430 |     case "Click register button":
    > 431 |       await page.click('text=Register, [href*="register"], .register-btn');
          |                  ^
      432 |       await page.waitForLoadState("networkidle");
      433 |       break;
      434 |
        at executeStep (/home/leila/Desktop/my-projects/backend/node.js/appointment-booking-app/frontend/tests/uat.spec.js:431:18)
        at /home/leila/Desktop/my-projects/backend/node.js/appointment-booking-app/frontend/tests/uat.spec.js:215:19

    attachment #1: screenshot (image/png) ──────────────────────────────────────────────────────────
    ../test-results/uat-User-Acceptance-Testin-eeeac-ing-their-first-appointment-chromium/test-failed-1.png
    ────────────────────────────────────────────────────────────────────────────────────────────────

    attachment #2: video (video/webm) ──────────────────────────────────────────────────────────────
    ../test-results/uat-User-Acceptance-Testin-eeeac-ing-their-first-appointment-chromium/video-1.webm
    ────────────────────────────────────────────────────────────────────────────────────────────────

    attachment #3: video (video/webm) ──────────────────────────────────────────────────────────────
    ../test-results/uat-User-Acceptance-Testin-eeeac-ing-their-first-appointment-chromium/video.webm
    ────────────────────────────────────────────────────────────────────────────────────────────────

    Error Context: ../test-results/uat-User-Acceptance-Testin-eeeac-ing-their-first-appointment-chromium/error-context.md
]]>
</failure>
<system-out>
<![CDATA[
[[ATTACHMENT|uat-User-Acceptance-Testin-eeeac-ing-their-first-appointment-chromium/test-failed-1.png]]

[[ATTACHMENT|uat-User-Acceptance-Testin-eeeac-ing-their-first-appointment-chromium/video-1.webm]]

[[ATTACHMENT|uat-User-Acceptance-Testin-eeeac-ing-their-first-appointment-chromium/video.webm]]

[[ATTACHMENT|uat-User-Acceptance-Testin-eeeac-ing-their-first-appointment-chromium/error-context.md]]
]]>
</system-out>
</testcase>
<testcase name="User Acceptance Testing (UAT) › Existing User Managing Appointments › should complete Returning user managing their appointment schedule" classname="uat.spec.js" time="36.062">
<failure message="uat.spec.js:201:7 should complete Returning user managing their appointment schedule" type="FAILURE">
<![CDATA[  [chromium] › uat.spec.js:201:7 › User Acceptance Testing (UAT) › Existing User Managing Appointments › should complete Returning user managing their appointment schedule 

    Test timeout of 30000ms exceeded.

    Error: page.fill: Test timeout of 30000ms exceeded.
    Call log:
      - waiting for locator('input[name="email"]')


      478 | async function fillLoginForm(page) {
      479 |   // Fill login form with test credentials
    > 480 |   await page.fill('input[name="email"]', "test@example.com");
          |              ^
      481 |   await page.fill('input[name="password"]', "password123");
      482 |   await page.click('button[type="submit"], .login-btn');
      483 |   await page.waitForLoadState("networkidle");
        at fillLoginForm (/home/leila/Desktop/my-projects/backend/node.js/appointment-booking-app/frontend/tests/uat.spec.js:480:14)
        at executeStep (/home/leila/Desktop/my-projects/backend/node.js/appointment-booking-app/frontend/tests/uat.spec.js:441:13)
        at /home/leila/Desktop/my-projects/backend/node.js/appointment-booking-app/frontend/tests/uat.spec.js:215:19

    attachment #1: screenshot (image/png) ──────────────────────────────────────────────────────────
    ../test-results/uat-User-Acceptance-Testin-5a075--their-appointment-schedule-chromium/test-failed-1.png
    ────────────────────────────────────────────────────────────────────────────────────────────────

    attachment #2: video (video/webm) ──────────────────────────────────────────────────────────────
    ../test-results/uat-User-Acceptance-Testin-5a075--their-appointment-schedule-chromium/video.webm
    ────────────────────────────────────────────────────────────────────────────────────────────────
]]>
</failure>
<system-out>
<![CDATA[
[[ATTACHMENT|uat-User-Acceptance-Testin-5a075--their-appointment-schedule-chromium/test-failed-1.png]]

[[ATTACHMENT|uat-User-Acceptance-Testin-5a075--their-appointment-schedule-chromium/video.webm]]
]]>
</system-out>
</testcase>
<testcase name="User Acceptance Testing (UAT) › Provider Managing Schedule › should complete Healthcare provider managing their appointment schedule" classname="uat.spec.js" time="0.401">
<system-out>
<![CDATA[Executing step: Login as provider
Executing step: View daily schedule
Executing step: Add new time slots
Executing step: Edit existing appointments
Executing step: Set availability preferences
Executing step: Generate schedule report
UAT Results for Provider Managing Schedule: {
  scenario: [32m'Provider Managing Schedule'[39m,
  startTime: [32m'2026-01-27T00:36:23.127Z'[39m,
  steps: [
    {
      step: [32m'Login as provider'[39m,
      success: [33mtrue[39m,
      duration: [33m1[39m,
      timestamp: [32m'2026-01-27T00:36:23.128Z'[39m
    },
    {
      step: [32m'View daily schedule'[39m,
      success: [33mtrue[39m,
      duration: [33m0[39m,
      timestamp: [32m'2026-01-27T00:36:23.128Z'[39m
    },
    {
      step: [32m'Add new time slots'[39m,
      success: [33mtrue[39m,
      duration: [33m0[39m,
      timestamp: [32m'2026-01-27T00:36:23.129Z'[39m
    },
    {
      step: [32m'Edit existing appointments'[39m,
      success: [33mtrue[39m,
      duration: [33m0[39m,
      timestamp: [32m'2026-01-27T00:36:23.129Z'[39m
    },
    {
      step: [32m'Set availability preferences'[39m,
      success: [33mtrue[39m,
      duration: [33m0[39m,
      timestamp: [32m'2026-01-27T00:36:23.129Z'[39m
    },
    {
      step: [32m'Generate schedule report'[39m,
      success: [33mtrue[39m,
      duration: [33m0[39m,
      timestamp: [32m'2026-01-27T00:36:23.129Z'[39m
    }
  ],
  issues: [],
  accessibility: {},
  endTime: [32m'2026-01-27T00:36:23.144Z'[39m,
  totalDuration: [33m17[39m
}
]]>
</system-out>
</testcase>
<testcase name="User Acceptance Testing (UAT) › Accessibility-First User Experience › should complete Testing with enhanced accessibility features enabled" classname="uat.spec.js" time="0.322">
<system-out>
<![CDATA[Executing step: Enable accessibility preferences
Executing step: Navigate using keyboard only
Executing step: Use screen reader simulation
Executing step: Test with high contrast mode
Executing step: Verify reduced motion settings
Executing step: Test voice navigation if available
UAT Results for Accessibility-First User Experience: {
  scenario: [32m'Accessibility-First User Experience'[39m,
  startTime: [32m'2026-01-27T00:36:23.508Z'[39m,
  steps: [
    {
      step: [32m'Enable accessibility preferences'[39m,
      success: [33mtrue[39m,
      duration: [33m0[39m,
      timestamp: [32m'2026-01-27T00:36:23.508Z'[39m
    },
    {
      step: [32m'Navigate using keyboard only'[39m,
      success: [33mtrue[39m,
      duration: [33m0[39m,
      timestamp: [32m'2026-01-27T00:36:23.508Z'[39m
    },
    {
      step: [32m'Use screen reader simulation'[39m,
      success: [33mtrue[39m,
      duration: [33m1[39m,
      timestamp: [32m'2026-01-27T00:36:23.509Z'[39m
    },
    {
      step: [32m'Test with high contrast mode'[39m,
      success: [33mtrue[39m,
      duration: [33m0[39m,
      timestamp: [32m'2026-01-27T00:36:23.509Z'[39m
    },
    {
      step: [32m'Verify reduced motion settings'[39m,
      success: [33mtrue[39m,
      duration: [33m0[39m,
      timestamp: [32m'2026-01-27T00:36:23.509Z'[39m
    },
    {
      step: [32m'Test voice navigation if available'[39m,
      success: [33mtrue[39m,
      duration: [33m0[39m,
      timestamp: [32m'2026-01-27T00:36:23.509Z'[39m
    }
  ],
  issues: [],
  accessibility: {},
  endTime: [32m'2026-01-27T00:36:23.519Z'[39m,
  totalDuration: [33m11[39m
}
]]>
</system-out>
</testcase>
<testcase name="User Acceptance Testing (UAT) › UAT - Mobile Phone Portrait › should complete login on Mobile Phone Portrait" classname="uat.spec.js" time="5.654">
</testcase>
<testcase name="User Acceptance Testing (UAT) › UAT - Mobile Phone Portrait › should complete booking on Mobile Phone Portrait" classname="uat.spec.js" time="6.334">
</testcase>
<testcase name="User Acceptance Testing (UAT) › UAT - Mobile Phone Portrait › should complete profile_management on Mobile Phone Portrait" classname="uat.spec.js" time="8.191">
</testcase>
<testcase name="User Acceptance Testing (UAT) › UAT - Mobile Phone Landscape › should complete booking on Mobile Phone Landscape" classname="uat.spec.js" time="6.864">
</testcase>
<testcase name="User Acceptance Testing (UAT) › UAT - Mobile Phone Landscape › should complete appointment_view on Mobile Phone Landscape" classname="uat.spec.js" time="7.24">
</testcase>
<testcase name="User Acceptance Testing (UAT) › UAT - Tablet Portrait › should complete provider_dashboard on Tablet Portrait" classname="uat.spec.js" time="8.628">
</testcase>
<testcase name="User Acceptance Testing (UAT) › UAT - Tablet Portrait › should complete schedule_management on Tablet Portrait" classname="uat.spec.js" time="9.572">
</testcase>
<testcase name="User Acceptance Testing (UAT) › UAT - Desktop Standard › should complete full_workflow on Desktop Standard" classname="uat.spec.js" time="9.986">
</testcase>
<testcase name="User Acceptance Testing (UAT) › UAT - Desktop Standard › should complete reporting on Desktop Standard" classname="uat.spec.js" time="10.064">
</testcase>
<testcase name="User Acceptance Testing (UAT) › UAT - Desktop Standard › should complete bulk_operations on Desktop Standard" classname="uat.spec.js" time="9.624">
</testcase>
<testcase name="User Acceptance Testing (UAT) › UAT - Chrome Latest › should handle Chrome Latest specific features" classname="uat.spec.js" time="7.344">
<failure message="uat.spec.js:328:7 should handle Chrome Latest specific features" type="FAILURE">
<![CDATA[  [chromium] › uat.spec.js:328:7 › User Acceptance Testing (UAT) › UAT - Chrome Latest › should handle Chrome Latest specific features 

    Error: expect(received).toBe(expected) // Object.is equality

    Expected: 0
    Received: 5

      346 |         // Verify basic functionality
      347 |         const accessibility = await runAccessibilityTests(page);
    > 348 |         expect(accessibility.violations.length).toBe(0);
          |                                                 ^
      349 |
      350 |         // Test performance
      351 |         const loadTime = await measurePageLoad(page);
        at /home/leila/Desktop/my-projects/backend/node.js/appointment-booking-app/frontend/tests/uat.spec.js:348:49

    attachment #1: screenshot (image/png) ──────────────────────────────────────────────────────────
    ../test-results/uat-User-Acceptance-Testin-ca692-me-Latest-specific-features-chromium/test-failed-1.png
    ────────────────────────────────────────────────────────────────────────────────────────────────

    attachment #2: video (video/webm) ──────────────────────────────────────────────────────────────
    ../test-results/uat-User-Acceptance-Testin-ca692-me-Latest-specific-features-chromium/video-1.webm
    ────────────────────────────────────────────────────────────────────────────────────────────────

    attachment #3: video (video/webm) ──────────────────────────────────────────────────────────────
    ../test-results/uat-User-Acceptance-Testin-ca692-me-Latest-specific-features-chromium/video.webm
    ────────────────────────────────────────────────────────────────────────────────────────────────

    Error Context: ../test-results/uat-User-Acceptance-Testin-ca692-me-Latest-specific-features-chromium/error-context.md
]]>
</failure>
<system-out>
<![CDATA[
[[ATTACHMENT|uat-User-Acceptance-Testin-ca692-me-Latest-specific-features-chromium/test-failed-1.png]]

[[ATTACHMENT|uat-User-Acceptance-Testin-ca692-me-Latest-specific-features-chromium/video-1.webm]]

[[ATTACHMENT|uat-User-Acceptance-Testin-ca692-me-Latest-specific-features-chromium/video.webm]]

[[ATTACHMENT|uat-User-Acceptance-Testin-ca692-me-Latest-specific-features-chromium/error-context.md]]
]]>
</system-out>
</testcase>
<testcase name="User Acceptance Testing (UAT) › UAT - Firefox Latest › should handle Firefox Latest specific features" classname="uat.spec.js" time="0.55">
<properties>
<property name="skip" value="Skipping Firefox Latest test on chromium">
</property>
</properties>
<skipped>
</skipped>
</testcase>
<testcase name="User Acceptance Testing (UAT) › UAT - Safari Latest › should handle Safari Latest specific features" classname="uat.spec.js" time="0.471">
<properties>
<property name="skip" value="Skipping Safari Latest test on chromium">
</property>
</properties>
<skipped>
</skipped>
</testcase>
<testcase name="User Acceptance Testing (UAT) › UAT - Edge Latest › should handle Edge Latest specific features" classname="uat.spec.js" time="7.184">
<failure message="uat.spec.js:328:7 should handle Edge Latest specific features" type="FAILURE">
<![CDATA[  [chromium] › uat.spec.js:328:7 › User Acceptance Testing (UAT) › UAT - Edge Latest › should handle Edge Latest specific features 

    Error: expect(received).toBe(expected) // Object.is equality

    Expected: 0
    Received: 5

      346 |         // Verify basic functionality
      347 |         const accessibility = await runAccessibilityTests(page);
    > 348 |         expect(accessibility.violations.length).toBe(0);
          |                                                 ^
      349 |
      350 |         // Test performance
      351 |         const loadTime = await measurePageLoad(page);
        at /home/leila/Desktop/my-projects/backend/node.js/appointment-booking-app/frontend/tests/uat.spec.js:348:49

    attachment #1: screenshot (image/png) ──────────────────────────────────────────────────────────
    ../test-results/uat-User-Acceptance-Testin-d8874-ge-Latest-specific-features-chromium/test-failed-1.png
    ────────────────────────────────────────────────────────────────────────────────────────────────

    attachment #2: video (video/webm) ──────────────────────────────────────────────────────────────
    ../test-results/uat-User-Acceptance-Testin-d8874-ge-Latest-specific-features-chromium/video.webm
    ────────────────────────────────────────────────────────────────────────────────────────────────

    attachment #3: video (video/webm) ──────────────────────────────────────────────────────────────
    ../test-results/uat-User-Acceptance-Testin-d8874-ge-Latest-specific-features-chromium/video-1.webm
    ────────────────────────────────────────────────────────────────────────────────────────────────

    Error Context: ../test-results/uat-User-Acceptance-Testin-d8874-ge-Latest-specific-features-chromium/error-context.md
]]>
</failure>
<system-out>
<![CDATA[Testing browser quirk: windows_integration for Edge Latest
Testing browser quirk: ink_support for Edge Latest

[[ATTACHMENT|uat-User-Acceptance-Testin-d8874-ge-Latest-specific-features-chromium/test-failed-1.png]]

[[ATTACHMENT|uat-User-Acceptance-Testin-d8874-ge-Latest-specific-features-chromium/video.webm]]

[[ATTACHMENT|uat-User-Acceptance-Testin-d8874-ge-Latest-specific-features-chromium/video-1.webm]]

[[ATTACHMENT|uat-User-Acceptance-Testin-d8874-ge-Latest-specific-features-chromium/error-context.md]]
]]>
</system-out>
</testcase>
</testsuite>
<testsuite name="e2e.spec.js" timestamp="2026-01-27T00:34:48.184Z" hostname="firefox" tests="14" failures="12" skipped="0" time="170.773" errors="0">
<testcase name="End-to-End User Workflows › Anonymous User Journey › should complete registration workflow with accessibility" classname="e2e.spec.js" time="12.022">
<failure message="e2e.spec.js:18:5 should complete registration workflow with accessibility" type="FAILURE">
<![CDATA[  [firefox] › e2e.spec.js:18:5 › End-to-End User Workflows › Anonymous User Journey › should complete registration workflow with accessibility 

    Error: expect(received).toBe(expected) // Object.is equality

    Expected: 0
    Received: 4

      25 |       // Check accessibility of landing page
      26 |       const landingAccessibility = await runAccessibilityTests(page);
    > 27 |       expect(landingAccessibility.violations.length).toBe(0);
         |                                                      ^
      28 |
      29 |       // Navigate to registration
      30 |       await page.click("text=Register");
        at /home/leila/Desktop/my-projects/backend/node.js/appointment-booking-app/frontend/tests/e2e.spec.js:27:54

    attachment #1: screenshot (image/png) ──────────────────────────────────────────────────────────
    ../test-results/e2e-End-to-End-User-Workfl-28c41-workflow-with-accessibility-firefox/test-failed-1.png
    ────────────────────────────────────────────────────────────────────────────────────────────────

    attachment #2: video (video/webm) ──────────────────────────────────────────────────────────────
    ../test-results/e2e-End-to-End-User-Workfl-28c41-workflow-with-accessibility-firefox/video-1.webm
    ────────────────────────────────────────────────────────────────────────────────────────────────

    attachment #3: video (video/webm) ──────────────────────────────────────────────────────────────
    ../test-results/e2e-End-to-End-User-Workfl-28c41-workflow-with-accessibility-firefox/video.webm
    ────────────────────────────────────────────────────────────────────────────────────────────────

    Error Context: ../test-results/e2e-End-to-End-User-Workfl-28c41-workflow-with-accessibility-firefox/error-context.md
]]>
</failure>
<system-out>
<![CDATA[
[[ATTACHMENT|e2e-End-to-End-User-Workfl-28c41-workflow-with-accessibility-firefox/test-failed-1.png]]

[[ATTACHMENT|e2e-End-to-End-User-Workfl-28c41-workflow-with-accessibility-firefox/video-1.webm]]

[[ATTACHMENT|e2e-End-to-End-User-Workfl-28c41-workflow-with-accessibility-firefox/video.webm]]

[[ATTACHMENT|e2e-End-to-End-User-Workfl-28c41-workflow-with-accessibility-firefox/error-context.md]]
]]>
</system-out>
</testcase>
<testcase name="End-to-End User Workflows › Anonymous User Journey › should complete login workflow with accessibility" classname="e2e.spec.js" time="9.87">
<failure message="e2e.spec.js:78:5 should complete login workflow with accessibility" type="FAILURE">
<![CDATA[  [firefox] › e2e.spec.js:78:5 › End-to-End User Workflows › Anonymous User Journey › should complete login workflow with accessibility 

    Error: expect(received).toBe(expected) // Object.is equality

    Expected: 0
    Received: 3

      84 |       // Check accessibility of login page
      85 |       const loginAccessibility = await runAccessibilityTests(page);
    > 86 |       expect(loginAccessibility.violations.length).toBe(0);
         |                                                    ^
      87 |
      88 |       // Test keyboard navigation
      89 |       await page.keyboard.press("Tab");
        at /home/leila/Desktop/my-projects/backend/node.js/appointment-booking-app/frontend/tests/e2e.spec.js:86:52

    attachment #1: screenshot (image/png) ──────────────────────────────────────────────────────────
    ../test-results/e2e-End-to-End-User-Workfl-6975f-workflow-with-accessibility-firefox/test-failed-1.png
    ────────────────────────────────────────────────────────────────────────────────────────────────

    attachment #2: video (video/webm) ──────────────────────────────────────────────────────────────
    ../test-results/e2e-End-to-End-User-Workfl-6975f-workflow-with-accessibility-firefox/video-1.webm
    ────────────────────────────────────────────────────────────────────────────────────────────────

    attachment #3: video (video/webm) ──────────────────────────────────────────────────────────────
    ../test-results/e2e-End-to-End-User-Workfl-6975f-workflow-with-accessibility-firefox/video.webm
    ────────────────────────────────────────────────────────────────────────────────────────────────

    Error Context: ../test-results/e2e-End-to-End-User-Workfl-6975f-workflow-with-accessibility-firefox/error-context.md
]]>
</failure>
<system-out>
<![CDATA[
[[ATTACHMENT|e2e-End-to-End-User-Workfl-6975f-workflow-with-accessibility-firefox/test-failed-1.png]]

[[ATTACHMENT|e2e-End-to-End-User-Workfl-6975f-workflow-with-accessibility-firefox/video-1.webm]]

[[ATTACHMENT|e2e-End-to-End-User-Workfl-6975f-workflow-with-accessibility-firefox/video.webm]]

[[ATTACHMENT|e2e-End-to-End-User-Workfl-6975f-workflow-with-accessibility-firefox/error-context.md]]
]]>
</system-out>
</testcase>
<testcase name="End-to-End User Workflows › Authenticated User Journey › should complete appointment booking workflow with accessibility" classname="e2e.spec.js" time="10.64">
<failure message="e2e.spec.js:122:5 should complete appointment booking workflow with accessibility" type="FAILURE">
<![CDATA[  [firefox] › e2e.spec.js:122:5 › End-to-End User Workflows › Authenticated User Journey › should complete appointment booking workflow with accessibility 

    Error: expect(received).toBe(expected) // Object.is equality

    Expected: 0
    Received: 3

      128 |
      129 |       const dashboardAccessibility = await runAccessibilityTests(page);
    > 130 |       expect(dashboardAccessibility.violations.length).toBe(0);
          |                                                        ^
      131 |
      132 |       // Navigate to appointment booking
      133 |       await page.click("text=Book Appointment");
        at /home/leila/Desktop/my-projects/backend/node.js/appointment-booking-app/frontend/tests/e2e.spec.js:130:56

    attachment #1: screenshot (image/png) ──────────────────────────────────────────────────────────
    ../test-results/e2e-End-to-End-User-Workfl-9404c-workflow-with-accessibility-firefox/test-failed-1.png
    ────────────────────────────────────────────────────────────────────────────────────────────────

    attachment #2: video (video/webm) ──────────────────────────────────────────────────────────────
    ../test-results/e2e-End-to-End-User-Workfl-9404c-workflow-with-accessibility-firefox/video-1.webm
    ────────────────────────────────────────────────────────────────────────────────────────────────

    attachment #3: video (video/webm) ──────────────────────────────────────────────────────────────
    ../test-results/e2e-End-to-End-User-Workfl-9404c-workflow-with-accessibility-firefox/video.webm
    ────────────────────────────────────────────────────────────────────────────────────────────────

    Error Context: ../test-results/e2e-End-to-End-User-Workfl-9404c-workflow-with-accessibility-firefox/error-context.md
]]>
</failure>
<system-out>
<![CDATA[
[[ATTACHMENT|e2e-End-to-End-User-Workfl-9404c-workflow-with-accessibility-firefox/test-failed-1.png]]

[[ATTACHMENT|e2e-End-to-End-User-Workfl-9404c-workflow-with-accessibility-firefox/video-1.webm]]

[[ATTACHMENT|e2e-End-to-End-User-Workfl-9404c-workflow-with-accessibility-firefox/video.webm]]

[[ATTACHMENT|e2e-End-to-End-User-Workfl-9404c-workflow-with-accessibility-firefox/error-context.md]]
]]>
</system-out>
</testcase>
<testcase name="End-to-End User Workflows › Authenticated User Journey › should manage appointments with accessibility" classname="e2e.spec.js" time="14.629">
<failure message="e2e.spec.js:183:5 should manage appointments with accessibility" type="FAILURE">
<![CDATA[  [firefox] › e2e.spec.js:183:5 › End-to-End User Workflows › Authenticated User Journey › should manage appointments with accessibility 

    Error: expect(received).toBe(expected) // Object.is equality

    Expected: 0
    Received: 3

      187 |       // Check appointments page accessibility
      188 |       const appointmentsAccessibility = await runAccessibilityTests(page);
    > 189 |       expect(appointmentsAccessibility.violations.length).toBe(0);
          |                                                           ^
      190 |
      191 |       // Test appointment list accessibility
      192 |       const appointmentItems = page.locator(".appointment-item, tr");
        at /home/leila/Desktop/my-projects/backend/node.js/appointment-booking-app/frontend/tests/e2e.spec.js:189:59

    attachment #1: screenshot (image/png) ──────────────────────────────────────────────────────────
    ../test-results/e2e-End-to-End-User-Workfl-8caf0-intments-with-accessibility-firefox/test-failed-1.png
    ────────────────────────────────────────────────────────────────────────────────────────────────

    attachment #2: video (video/webm) ──────────────────────────────────────────────────────────────
    ../test-results/e2e-End-to-End-User-Workfl-8caf0-intments-with-accessibility-firefox/video-1.webm
    ────────────────────────────────────────────────────────────────────────────────────────────────

    attachment #3: video (video/webm) ──────────────────────────────────────────────────────────────
    ../test-results/e2e-End-to-End-User-Workfl-8caf0-intments-with-accessibility-firefox/video.webm
    ────────────────────────────────────────────────────────────────────────────────────────────────

    Error Context: ../test-results/e2e-End-to-End-User-Workfl-8caf0-intments-with-accessibility-firefox/error-context.md
]]>
</failure>
<system-out>
<![CDATA[
[[ATTACHMENT|e2e-End-to-End-User-Workfl-8caf0-intments-with-accessibility-firefox/test-failed-1.png]]

[[ATTACHMENT|e2e-End-to-End-User-Workfl-8caf0-intments-with-accessibility-firefox/video-1.webm]]

[[ATTACHMENT|e2e-End-to-End-User-Workfl-8caf0-intments-with-accessibility-firefox/video.webm]]

[[ATTACHMENT|e2e-End-to-End-User-Workfl-8caf0-intments-with-accessibility-firefox/error-context.md]]
]]>
</system-out>
</testcase>
<testcase name="Responsive End-to-End Tests › Mobile Workflow (375x667) › should complete user registration on mobile" classname="e2e.spec.js" time="8.105">
<failure message="e2e.spec.js:240:7 should complete user registration on mobile" type="FAILURE">
<![CDATA[  [firefox] › e2e.spec.js:240:7 › Responsive End-to-End Tests › Mobile Workflow (375x667) › should complete user registration on mobile 

    Error: expect(received).toBe(expected) // Object.is equality

    Expected: 0
    Received: 4

      244 |         // Check responsive accessibility
      245 |         const accessibility = await runAccessibilityTests(page);
    > 246 |         expect(accessibility.violations.length).toBe(0);
          |                                                 ^
      247 |
      248 |         // Test form usability on mobile
      249 |         const form = page.locator("form");
        at /home/leila/Desktop/my-projects/backend/node.js/appointment-booking-app/frontend/tests/e2e.spec.js:246:49

    attachment #1: screenshot (image/png) ──────────────────────────────────────────────────────────
    ../test-results/e2e-Responsive-End-to-End--df81e-user-registration-on-mobile-firefox/test-failed-1.png
    ────────────────────────────────────────────────────────────────────────────────────────────────

    attachment #2: video (video/webm) ──────────────────────────────────────────────────────────────
    ../test-results/e2e-Responsive-End-to-End--df81e-user-registration-on-mobile-firefox/video-1.webm
    ────────────────────────────────────────────────────────────────────────────────────────────────

    attachment #3: video (video/webm) ──────────────────────────────────────────────────────────────
    ../test-results/e2e-Responsive-End-to-End--df81e-user-registration-on-mobile-firefox/video.webm
    ────────────────────────────────────────────────────────────────────────────────────────────────

    Error Context: ../test-results/e2e-Responsive-End-to-End--df81e-user-registration-on-mobile-firefox/error-context.md
]]>
</failure>
<system-out>
<![CDATA[
[[ATTACHMENT|e2e-Responsive-End-to-End--df81e-user-registration-on-mobile-firefox/test-failed-1.png]]

[[ATTACHMENT|e2e-Responsive-End-to-End--df81e-user-registration-on-mobile-firefox/video-1.webm]]

[[ATTACHMENT|e2e-Responsive-End-to-End--df81e-user-registration-on-mobile-firefox/video.webm]]

[[ATTACHMENT|e2e-Responsive-End-to-End--df81e-user-registration-on-mobile-firefox/error-context.md]]
]]>
</system-out>
</testcase>
<testcase name="Responsive End-to-End Tests › Mobile Workflow (375x667) › should have accessible navigation on mobile" classname="e2e.spec.js" time="10.842">
<failure message="e2e.spec.js:279:7 should have accessible navigation on mobile" type="FAILURE">
<![CDATA[  [firefox] › e2e.spec.js:279:7 › Responsive End-to-End Tests › Mobile Workflow (375x667) › should have accessible navigation on mobile 

    Error: expect(locator).toBeVisible() failed

    Locator: locator('.mobile-menu, .nav-open')
    Expected: visible
    Timeout: 5000ms
    Error: element(s) not found

    Call log:
      - Expect "toBeVisible" with timeout 5000ms
      - waiting for locator('.mobile-menu, .nav-open')


      290 |           // Check menu is accessible
      291 |           const mobileMenu = page.locator(".mobile-menu, .nav-open");
    > 292 |           await expect(mobileMenu).toBeVisible();
          |                                    ^
      293 |
      294 |           // Test keyboard navigation in mobile menu
      295 |           const menuItems = mobileMenu.locator("a, button");
        at /home/leila/Desktop/my-projects/backend/node.js/appointment-booking-app/frontend/tests/e2e.spec.js:292:36

    attachment #1: screenshot (image/png) ──────────────────────────────────────────────────────────
    ../test-results/e2e-Responsive-End-to-End--196a5-ssible-navigation-on-mobile-firefox/test-failed-1.png
    ────────────────────────────────────────────────────────────────────────────────────────────────

    attachment #2: video (video/webm) ──────────────────────────────────────────────────────────────
    ../test-results/e2e-Responsive-End-to-End--196a5-ssible-navigation-on-mobile-firefox/video.webm
    ────────────────────────────────────────────────────────────────────────────────────────────────

    Error Context: ../test-results/e2e-Responsive-End-to-End--196a5-ssible-navigation-on-mobile-firefox/error-context.md
]]>
</failure>
<system-out>
<![CDATA[
[[ATTACHMENT|e2e-Responsive-End-to-End--196a5-ssible-navigation-on-mobile-firefox/test-failed-1.png]]

[[ATTACHMENT|e2e-Responsive-End-to-End--196a5-ssible-navigation-on-mobile-firefox/video.webm]]

[[ATTACHMENT|e2e-Responsive-End-to-End--196a5-ssible-navigation-on-mobile-firefox/error-context.md]]
]]>
</system-out>
</testcase>
<testcase name="Responsive End-to-End Tests › Tablet Workflow (768x1024) › should complete user registration on mobile" classname="e2e.spec.js" time="8.217">
<failure message="e2e.spec.js:240:7 should complete user registration on mobile" type="FAILURE">
<![CDATA[  [firefox] › e2e.spec.js:240:7 › Responsive End-to-End Tests › Tablet Workflow (768x1024) › should complete user registration on mobile 

    Error: expect(received).toBe(expected) // Object.is equality

    Expected: 0
    Received: 4

      244 |         // Check responsive accessibility
      245 |         const accessibility = await runAccessibilityTests(page);
    > 246 |         expect(accessibility.violations.length).toBe(0);
          |                                                 ^
      247 |
      248 |         // Test form usability on mobile
      249 |         const form = page.locator("form");
        at /home/leila/Desktop/my-projects/backend/node.js/appointment-booking-app/frontend/tests/e2e.spec.js:246:49

    attachment #1: screenshot (image/png) ──────────────────────────────────────────────────────────
    ../test-results/e2e-Responsive-End-to-End--d00cb-user-registration-on-mobile-firefox/test-failed-1.png
    ────────────────────────────────────────────────────────────────────────────────────────────────

    attachment #2: video (video/webm) ──────────────────────────────────────────────────────────────
    ../test-results/e2e-Responsive-End-to-End--d00cb-user-registration-on-mobile-firefox/video.webm
    ────────────────────────────────────────────────────────────────────────────────────────────────

    attachment #3: video (video/webm) ──────────────────────────────────────────────────────────────
    ../test-results/e2e-Responsive-End-to-End--d00cb-user-registration-on-mobile-firefox/video-1.webm
    ────────────────────────────────────────────────────────────────────────────────────────────────

    Error Context: ../test-results/e2e-Responsive-End-to-End--d00cb-user-registration-on-mobile-firefox/error-context.md
]]>
</failure>
<system-out>
<![CDATA[
[[ATTACHMENT|e2e-Responsive-End-to-End--d00cb-user-registration-on-mobile-firefox/test-failed-1.png]]

[[ATTACHMENT|e2e-Responsive-End-to-End--d00cb-user-registration-on-mobile-firefox/video.webm]]

[[ATTACHMENT|e2e-Responsive-End-to-End--d00cb-user-registration-on-mobile-firefox/video-1.webm]]

[[ATTACHMENT|e2e-Responsive-End-to-End--d00cb-user-registration-on-mobile-firefox/error-context.md]]
]]>
</system-out>
</testcase>
<testcase name="Responsive End-to-End Tests › Tablet Workflow (768x1024) › should have accessible navigation on mobile" classname="e2e.spec.js" time="30.575">
<failure message="e2e.spec.js:279:7 should have accessible navigation on mobile" type="FAILURE">
<![CDATA[  [firefox] › e2e.spec.js:279:7 › Responsive End-to-End Tests › Tablet Workflow (768x1024) › should have accessible navigation on mobile 

    Test timeout of 30000ms exceeded.

    Error: locator.click: Test timeout of 30000ms exceeded.
    Call log:
      - waiting for locator('.mobile-menu-btn, .hamburger, [aria-expanded]').first()
        - locator resolved to <button aria-expanded="false" aria-label="Open navigation menu" class="md:hidden p-2 text-[#1B4332] rounded-lg hover:bg-[#1B4332]/10 transition-colors">…</button>
      - attempting click action
        2 × waiting for element to be visible, enabled and stable
          - element is not visible
        - retrying click action
        - waiting 20ms
        2 × waiting for element to be visible, enabled and stable
          - element is not visible
        - retrying click action
          - waiting 100ms
        48 × waiting for element to be visible, enabled and stable
           - element is not visible
         - retrying click action
           - waiting 500ms
        - waiting for element to be visible, enabled and stable


      286 |         );
      287 |         if ((await menuButton.count()) > 0) {
    > 288 |           await menuButton.first().click();
          |                                    ^
      289 |
      290 |           // Check menu is accessible
      291 |           const mobileMenu = page.locator(".mobile-menu, .nav-open");
        at /home/leila/Desktop/my-projects/backend/node.js/appointment-booking-app/frontend/tests/e2e.spec.js:288:36

    attachment #1: screenshot (image/png) ──────────────────────────────────────────────────────────
    ../test-results/e2e-Responsive-End-to-End--43191-ssible-navigation-on-mobile-firefox/test-failed-1.png
    ────────────────────────────────────────────────────────────────────────────────────────────────

    attachment #2: video (video/webm) ──────────────────────────────────────────────────────────────
    ../test-results/e2e-Responsive-End-to-End--43191-ssible-navigation-on-mobile-firefox/video.webm
    ────────────────────────────────────────────────────────────────────────────────────────────────

    Error Context: ../test-results/e2e-Responsive-End-to-End--43191-ssible-navigation-on-mobile-firefox/error-context.md
]]>
</failure>
<system-out>
<![CDATA[
[[ATTACHMENT|e2e-Responsive-End-to-End--43191-ssible-navigation-on-mobile-firefox/test-failed-1.png]]

[[ATTACHMENT|e2e-Responsive-End-to-End--43191-ssible-navigation-on-mobile-firefox/video.webm]]

[[ATTACHMENT|e2e-Responsive-End-to-End--43191-ssible-navigation-on-mobile-firefox/error-context.md]]
]]>
</system-out>
</testcase>
<testcase name="Responsive End-to-End Tests › Desktop Workflow (1920x1080) › should complete user registration on mobile" classname="e2e.spec.js" time="8.019">
<failure message="e2e.spec.js:240:7 should complete user registration on mobile" type="FAILURE">
<![CDATA[  [firefox] › e2e.spec.js:240:7 › Responsive End-to-End Tests › Desktop Workflow (1920x1080) › should complete user registration on mobile 

    Error: expect(received).toBe(expected) // Object.is equality

    Expected: 0
    Received: 4

      244 |         // Check responsive accessibility
      245 |         const accessibility = await runAccessibilityTests(page);
    > 246 |         expect(accessibility.violations.length).toBe(0);
          |                                                 ^
      247 |
      248 |         // Test form usability on mobile
      249 |         const form = page.locator("form");
        at /home/leila/Desktop/my-projects/backend/node.js/appointment-booking-app/frontend/tests/e2e.spec.js:246:49

    attachment #1: screenshot (image/png) ──────────────────────────────────────────────────────────
    ../test-results/e2e-Responsive-End-to-End--432a9-user-registration-on-mobile-firefox/test-failed-1.png
    ────────────────────────────────────────────────────────────────────────────────────────────────

    attachment #2: video (video/webm) ──────────────────────────────────────────────────────────────
    ../test-results/e2e-Responsive-End-to-End--432a9-user-registration-on-mobile-firefox/video.webm
    ────────────────────────────────────────────────────────────────────────────────────────────────

    attachment #3: video (video/webm) ──────────────────────────────────────────────────────────────
    ../test-results/e2e-Responsive-End-to-End--432a9-user-registration-on-mobile-firefox/video-1.webm
    ────────────────────────────────────────────────────────────────────────────────────────────────

    Error Context: ../test-results/e2e-Responsive-End-to-End--432a9-user-registration-on-mobile-firefox/error-context.md
]]>
</failure>
<system-out>
<![CDATA[
[[ATTACHMENT|e2e-Responsive-End-to-End--432a9-user-registration-on-mobile-firefox/test-failed-1.png]]

[[ATTACHMENT|e2e-Responsive-End-to-End--432a9-user-registration-on-mobile-firefox/video.webm]]

[[ATTACHMENT|e2e-Responsive-End-to-End--432a9-user-registration-on-mobile-firefox/video-1.webm]]

[[ATTACHMENT|e2e-Responsive-End-to-End--432a9-user-registration-on-mobile-firefox/error-context.md]]
]]>
</system-out>
</testcase>
<testcase name="Responsive End-to-End Tests › Desktop Workflow (1920x1080) › should have accessible navigation on mobile" classname="e2e.spec.js" time="30.482">
<failure message="e2e.spec.js:279:7 should have accessible navigation on mobile" type="FAILURE">
<![CDATA[  [firefox] › e2e.spec.js:279:7 › Responsive End-to-End Tests › Desktop Workflow (1920x1080) › should have accessible navigation on mobile 

    Test timeout of 30000ms exceeded.

    Error: locator.click: Test timeout of 30000ms exceeded.
    Call log:
      - waiting for locator('.mobile-menu-btn, .hamburger, [aria-expanded]').first()
        - locator resolved to <button aria-expanded="false" aria-label="Open navigation menu" class="md:hidden p-2 text-[#1B4332] rounded-lg hover:bg-[#1B4332]/10 transition-colors">…</button>
      - attempting click action
        2 × waiting for element to be visible, enabled and stable
          - element is not visible
        - retrying click action
        - waiting 20ms
        2 × waiting for element to be visible, enabled and stable
          - element is not visible
        - retrying click action
          - waiting 100ms
        48 × waiting for element to be visible, enabled and stable
           - element is not visible
         - retrying click action
           - waiting 500ms


      286 |         );
      287 |         if ((await menuButton.count()) > 0) {
    > 288 |           await menuButton.first().click();
          |                                    ^
      289 |
      290 |           // Check menu is accessible
      291 |           const mobileMenu = page.locator(".mobile-menu, .nav-open");
        at /home/leila/Desktop/my-projects/backend/node.js/appointment-booking-app/frontend/tests/e2e.spec.js:288:36

    attachment #1: screenshot (image/png) ──────────────────────────────────────────────────────────
    ../test-results/e2e-Responsive-End-to-End--b3895-ssible-navigation-on-mobile-firefox/test-failed-1.png
    ────────────────────────────────────────────────────────────────────────────────────────────────

    attachment #2: video (video/webm) ──────────────────────────────────────────────────────────────
    ../test-results/e2e-Responsive-End-to-End--b3895-ssible-navigation-on-mobile-firefox/video.webm
    ────────────────────────────────────────────────────────────────────────────────────────────────

    Error Context: ../test-results/e2e-Responsive-End-to-End--b3895-ssible-navigation-on-mobile-firefox/error-context.md
]]>
</failure>
<system-out>
<![CDATA[
[...]
    ../test-results/guest-booking-Guest-Bookin-aef8a-e-guest-booking-form-fields-accessibility/test-failed-1.png
    ────────────────────────────────────────────────────────────────────────────────────────────────

    attachment #2: video (video/webm) ──────────────────────────────────────────────────────────────
    ../test-results/guest-booking-Guest-Bookin-aef8a-e-guest-booking-form-fields-accessibility/video.webm
    ────────────────────────────────────────────────────────────────────────────────────────────────

    Error Context: ../test-results/guest-booking-Guest-Bookin-aef8a-e-guest-booking-form-fields-accessibility/error-context.md
]]>
</failure>
<system-out>
<![CDATA[
[[ATTACHMENT|guest-booking-Guest-Bookin-aef8a-e-guest-booking-form-fields-accessibility/test-failed-1.png]]

[[ATTACHMENT|guest-booking-Guest-Bookin-aef8a-e-guest-booking-form-fields-accessibility/video.webm]]

[[ATTACHMENT|guest-booking-Guest-Bookin-aef8a-e-guest-booking-form-fields-accessibility/error-context.md]]
]]>
</system-out>
</testcase>
<testcase name="Guest Booking Flow › should allow browsing provider profiles" classname="guest-booking.spec.js" time="8.057">
<failure message="guest-booking.spec.js:203:3 should allow browsing provider profiles" type="FAILURE">
<![CDATA[  [accessibility] › guest-booking.spec.js:203:3 › Guest Booking Flow › should allow browsing provider profiles 

    Error: expect(locator).toBeVisible() failed

    Locator: locator('button:has-text("View Profile")').first()
    Expected: visible
    Timeout: 5000ms
    Error: element(s) not found

    Call log:
      - Expect "toBeVisible" with timeout 5000ms
      - waiting for locator('button:has-text("View Profile")').first()


      207 |     // Find "View Profile" button
      208 |     const viewProfileButtons = page.locator('button:has-text("View Profile")');
    > 209 |     await expect(viewProfileButtons.first()).toBeVisible();
          |                                              ^
      210 |
      211 |     // Click View Profile
      212 |     await viewProfileButtons.first().click();
        at /home/leila/Desktop/my-projects/backend/node.js/appointment-booking-app/frontend/tests/guest-booking.spec.js:209:46

    attachment #1: screenshot (image/png) ──────────────────────────────────────────────────────────
    ../test-results/guest-booking-Guest-Bookin-10258--browsing-provider-profiles-accessibility/test-failed-1.png
    ────────────────────────────────────────────────────────────────────────────────────────────────

    attachment #2: video (video/webm) ──────────────────────────────────────────────────────────────
    ../test-results/guest-booking-Guest-Bookin-10258--browsing-provider-profiles-accessibility/video.webm
    ────────────────────────────────────────────────────────────────────────────────────────────────

    Error Context: ../test-results/guest-booking-Guest-Bookin-10258--browsing-provider-profiles-accessibility/error-context.md
]]>
</failure>
<system-out>
<![CDATA[
[[ATTACHMENT|guest-booking-Guest-Bookin-10258--browsing-provider-profiles-accessibility/test-failed-1.png]]

[[ATTACHMENT|guest-booking-Guest-Bookin-10258--browsing-provider-profiles-accessibility/video.webm]]

[[ATTACHMENT|guest-booking-Guest-Bookin-10258--browsing-provider-profiles-accessibility/error-context.md]]
]]>
</system-out>
</testcase>
</testsuite>
<testsuite name="uat.spec.js" timestamp="2026-01-27T00:34:48.184Z" hostname="accessibility" tests="18" failures="4" skipped="2" time="152.002" errors="0">
<testcase name="User Acceptance Testing (UAT) › New User Registration &amp; First Appointment › should complete Complete workflow for a new user registering and booking their first appointment" classname="uat.spec.js" time="30.67">
<failure message="uat.spec.js:201:7 should complete Complete workflow for a new user registering and booking their first appointment" type="FAILURE">
<![CDATA[  [accessibility] › uat.spec.js:201:7 › User Acceptance Testing (UAT) › New User Registration & First Appointment › should complete Complete workflow for a new user registering and booking their first appointment 

    Test timeout of 30000ms exceeded.

    Error: page.click: Test timeout of 30000ms exceeded.
    Call log:
      - waiting for locator('text=Register, [href*="register"], .register-btn')


      429 |
      430 |     case "Click register button":
    > 431 |       await page.click('text=Register, [href*="register"], .register-btn');
          |                  ^
      432 |       await page.waitForLoadState("networkidle");
      433 |       break;
      434 |
        at executeStep (/home/leila/Desktop/my-projects/backend/node.js/appointment-booking-app/frontend/tests/uat.spec.js:431:18)
        at /home/leila/Desktop/my-projects/backend/node.js/appointment-booking-app/frontend/tests/uat.spec.js:215:19

    attachment #1: screenshot (image/png) ──────────────────────────────────────────────────────────
    ../test-results/uat-User-Acceptance-Testin-eeeac-ing-their-first-appointment-accessibility/test-failed-1.png
    ────────────────────────────────────────────────────────────────────────────────────────────────

    attachment #2: video (video/webm) ──────────────────────────────────────────────────────────────
    ../test-results/uat-User-Acceptance-Testin-eeeac-ing-their-first-appointment-accessibility/video.webm
    ────────────────────────────────────────────────────────────────────────────────────────────────

    attachment #3: video (video/webm) ──────────────────────────────────────────────────────────────
    ../test-results/uat-User-Acceptance-Testin-eeeac-ing-their-first-appointment-accessibility/video-1.webm
    ────────────────────────────────────────────────────────────────────────────────────────────────

    Error Context: ../test-results/uat-User-Acceptance-Testin-eeeac-ing-their-first-appointment-accessibility/error-context.md
]]>
</failure>
<system-out>
<![CDATA[
[[ATTACHMENT|uat-User-Acceptance-Testin-eeeac-ing-their-first-appointment-accessibility/test-failed-1.png]]

[[ATTACHMENT|uat-User-Acceptance-Testin-eeeac-ing-their-first-appointment-accessibility/video.webm]]

[[ATTACHMENT|uat-User-Acceptance-Testin-eeeac-ing-their-first-appointment-accessibility/video-1.webm]]

[[ATTACHMENT|uat-User-Acceptance-Testin-eeeac-ing-their-first-appointment-accessibility/error-context.md]]
]]>
</system-out>
</testcase>
<testcase name="User Acceptance Testing (UAT) › Existing User Managing Appointments › should complete Returning user managing their appointment schedule" classname="uat.spec.js" time="36.677">
<failure message="uat.spec.js:201:7 should complete Returning user managing their appointment schedule" type="FAILURE">
<![CDATA[  [accessibility] › uat.spec.js:201:7 › User Acceptance Testing (UAT) › Existing User Managing Appointments › should complete Returning user managing their appointment schedule 

    Test timeout of 30000ms exceeded.

    Error: page.fill: Test timeout of 30000ms exceeded.
    Call log:
      - waiting for locator('input[name="email"]')


      478 | async function fillLoginForm(page) {
      479 |   // Fill login form with test credentials
    > 480 |   await page.fill('input[name="email"]', "test@example.com");
          |              ^
      481 |   await page.fill('input[name="password"]', "password123");
      482 |   await page.click('button[type="submit"], .login-btn');
      483 |   await page.waitForLoadState("networkidle");
        at fillLoginForm (/home/leila/Desktop/my-projects/backend/node.js/appointment-booking-app/frontend/tests/uat.spec.js:480:14)
        at executeStep (/home/leila/Desktop/my-projects/backend/node.js/appointment-booking-app/frontend/tests/uat.spec.js:441:13)
        at /home/leila/Desktop/my-projects/backend/node.js/appointment-booking-app/frontend/tests/uat.spec.js:215:19

    attachment #1: screenshot (image/png) ──────────────────────────────────────────────────────────
    ../test-results/uat-User-Acceptance-Testin-5a075--their-appointment-schedule-accessibility/test-failed-1.png
    ────────────────────────────────────────────────────────────────────────────────────────────────

    attachment #2: video (video/webm) ──────────────────────────────────────────────────────────────
    ../test-results/uat-User-Acceptance-Testin-5a075--their-appointment-schedule-accessibility/video.webm
    ────────────────────────────────────────────────────────────────────────────────────────────────
]]>
</failure>
<system-out>
<![CDATA[
[[ATTACHMENT|uat-User-Acceptance-Testin-5a075--their-appointment-schedule-accessibility/test-failed-1.png]]

[[ATTACHMENT|uat-User-Acceptance-Testin-5a075--their-appointment-schedule-accessibility/video.webm]]
]]>
</system-out>
</testcase>
<testcase name="User Acceptance Testing (UAT) › Provider Managing Schedule › should complete Healthcare provider managing their appointment schedule" classname="uat.spec.js" time="0.315">
<system-out>
<![CDATA[Executing step: Login as provider
Executing step: View daily schedule
Executing step: Add new time slots
Executing step: Edit existing appointments
Executing step: Set availability preferences
Executing step: Generate schedule report
UAT Results for Provider Managing Schedule: {
  scenario: [32m'Provider Managing Schedule'[39m,
  startTime: [32m'2026-01-27T00:46:34.556Z'[39m,
  steps: [
    {
      step: [32m'Login as provider'[39m,
      success: [33mtrue[39m,
      duration: [33m1[39m,
      timestamp: [32m'2026-01-27T00:46:34.557Z'[39m
    },
    {
      step: [32m'View daily schedule'[39m,
      success: [33mtrue[39m,
      duration: [33m0[39m,
      timestamp: [32m'2026-01-27T00:46:34.557Z'[39m
    },
    {
      step: [32m'Add new time slots'[39m,
      success: [33mtrue[39m,
      duration: [33m0[39m,
      timestamp: [32m'2026-01-27T00:46:34.557Z'[39m
    },
    {
      step: [32m'Edit existing appointments'[39m,
      success: [33mtrue[39m,
      duration: [33m0[39m,
      timestamp: [32m'2026-01-27T00:46:34.557Z'[39m
    },
    {
      step: [32m'Set availability preferences'[39m,
      success: [33mtrue[39m,
      duration: [33m0[39m,
      timestamp: [32m'2026-01-27T00:46:34.557Z'[39m
    },
    {
      step: [32m'Generate schedule report'[39m,
      success: [33mtrue[39m,
      duration: [33m0[39m,
      timestamp: [32m'2026-01-27T00:46:34.557Z'[39m
    }
  ],
  issues: [],
  accessibility: {},
  endTime: [32m'2026-01-27T00:46:34.569Z'[39m,
  totalDuration: [33m13[39m
}
]]>
</system-out>
</testcase>
<testcase name="User Acceptance Testing (UAT) › Accessibility-First User Experience › should complete Testing with enhanced accessibility features enabled" classname="uat.spec.js" time="0.209">
<system-out>
<![CDATA[Executing step: Enable accessibility preferences
Executing step: Navigate using keyboard only
Executing step: Use screen reader simulation
Executing step: Test with high contrast mode
Executing step: Verify reduced motion settings
Executing step: Test voice navigation if available
UAT Results for Accessibility-First User Experience: {
  scenario: [32m'Accessibility-First User Experience'[39m,
  startTime: [32m'2026-01-27T00:46:34.855Z'[39m,
  steps: [
    {
      step: [32m'Enable accessibility preferences'[39m,
      success: [33mtrue[39m,
      duration: [33m0[39m,
      timestamp: [32m'2026-01-27T00:46:34.855Z'[39m
    },
    {
      step: [32m'Navigate using keyboard only'[39m,
      success: [33mtrue[39m,
      duration: [33m0[39m,
      timestamp: [32m'2026-01-27T00:46:34.855Z'[39m
    },
    {
      step: [32m'Use screen reader simulation'[39m,
      success: [33mtrue[39m,
      duration: [33m0[39m,
      timestamp: [32m'2026-01-27T00:46:34.855Z'[39m
    },
    {
      step: [32m'Test with high contrast mode'[39m,
      success: [33mtrue[39m,
      duration: [33m0[39m,
      timestamp: [32m'2026-01-27T00:46:34.855Z'[39m
    },
    {
      step: [32m'Verify reduced motion settings'[39m,
      success: [33mtrue[39m,
      duration: [33m0[39m,
      timestamp: [32m'2026-01-27T00:46:34.855Z'[39m
    },
    {
      step: [32m'Test voice navigation if available'[39m,
      success: [33mtrue[39m,
      duration: [33m0[39m,
      timestamp: [32m'2026-01-27T00:46:34.855Z'[39m
    }
  ],
  issues: [],
  accessibility: {},
  endTime: [32m'2026-01-27T00:46:34.861Z'[39m,
  totalDuration: [33m6[39m
}
]]>
</system-out>
</testcase>
<testcase name="User Acceptance Testing (UAT) › UAT - Mobile Phone Portrait › should complete login on Mobile Phone Portrait" classname="uat.spec.js" time="4.614">
</testcase>
<testcase name="User Acceptance Testing (UAT) › UAT - Mobile Phone Portrait › should complete booking on Mobile Phone Portrait" classname="uat.spec.js" time="6.02">
</testcase>
<testcase name="User Acceptance Testing (UAT) › UAT - Mobile Phone Portrait › should complete profile_management on Mobile Phone Portrait" classname="uat.spec.js" time="5.519">
</testcase>
<testcase name="User Acceptance Testing (UAT) › UAT - Mobile Phone Landscape › should complete booking on Mobile Phone Landscape" classname="uat.spec.js" time="5.479">
</testcase>
<testcase name="User Acceptance Testing (UAT) › UAT - Mobile Phone Landscape › should complete appointment_view on Mobile Phone Landscape" classname="uat.spec.js" time="6.616">
</testcase>
<testcase name="User Acceptance Testing (UAT) › UAT - Tablet Portrait › should complete provider_dashboard on Tablet Portrait" classname="uat.spec.js" time="7.75">
</testcase>
<testcase name="User Acceptance Testing (UAT) › UAT - Tablet Portrait › should complete schedule_management on Tablet Portrait" classname="uat.spec.js" time="7.246">
</testcase>
<testcase name="User Acceptance Testing (UAT) › UAT - Desktop Standard › should complete full_workflow on Desktop Standard" classname="uat.spec.js" time="8.776">
</testcase>
<testcase name="User Acceptance Testing (UAT) › UAT - Desktop Standard › should complete reporting on Desktop Standard" classname="uat.spec.js" time="9.309">
</testcase>
<testcase name="User Acceptance Testing (UAT) › UAT - Desktop Standard › should complete bulk_operations on Desktop Standard" classname="uat.spec.js" time="9.378">
</testcase>
<testcase name="User Acceptance Testing (UAT) › UAT - Chrome Latest › should handle Chrome Latest specific features" classname="uat.spec.js" time="6.961">
<failure message="uat.spec.js:328:7 should handle Chrome Latest specific features" type="FAILURE">
<![CDATA[  [accessibility] › uat.spec.js:328:7 › User Acceptance Testing (UAT) › UAT - Chrome Latest › should handle Chrome Latest specific features 

    Error: expect(received).toBe(expected) // Object.is equality

    Expected: 0
    Received: 5

      346 |         // Verify basic functionality
      347 |         const accessibility = await runAccessibilityTests(page);
    > 348 |         expect(accessibility.violations.length).toBe(0);
          |                                                 ^
      349 |
      350 |         // Test performance
      351 |         const loadTime = await measurePageLoad(page);
        at /home/leila/Desktop/my-projects/backend/node.js/appointment-booking-app/frontend/tests/uat.spec.js:348:49

    attachment #1: screenshot (image/png) ──────────────────────────────────────────────────────────
    ../test-results/uat-User-Acceptance-Testin-ca692-me-Latest-specific-features-accessibility/test-failed-1.png
    ────────────────────────────────────────────────────────────────────────────────────────────────

    attachment #2: video (video/webm) ──────────────────────────────────────────────────────────────
    ../test-results/uat-User-Acceptance-Testin-ca692-me-Latest-specific-features-accessibility/video-1.webm
    ────────────────────────────────────────────────────────────────────────────────────────────────

    attachment #3: video (video/webm) ──────────────────────────────────────────────────────────────
    ../test-results/uat-User-Acceptance-Testin-ca692-me-Latest-specific-features-accessibility/video.webm
    ────────────────────────────────────────────────────────────────────────────────────────────────

    Error Context: ../test-results/uat-User-Acceptance-Testin-ca692-me-Latest-specific-features-accessibility/error-context.md
]]>
</failure>
<system-out>
<![CDATA[
[[ATTACHMENT|uat-User-Acceptance-Testin-ca692-me-Latest-specific-features-accessibility/test-failed-1.png]]

[[ATTACHMENT|uat-User-Acceptance-Testin-ca692-me-Latest-specific-features-accessibility/video-1.webm]]

[[ATTACHMENT|uat-User-Acceptance-Testin-ca692-me-Latest-specific-features-accessibility/video.webm]]

[[ATTACHMENT|uat-User-Acceptance-Testin-ca692-me-Latest-specific-features-accessibility/error-context.md]]
]]>
</system-out>
</testcase>
<testcase name="User Acceptance Testing (UAT) › UAT - Firefox Latest › should handle Firefox Latest specific features" classname="uat.spec.js" time="0.565">
<properties>
<property name="skip" value="Skipping Firefox Latest test on chromium">
</property>
</properties>
<skipped>
</skipped>
</testcase>
<testcase name="User Acceptance Testing (UAT) › UAT - Safari Latest › should handle Safari Latest specific features" classname="uat.spec.js" time="0.524">
<properties>
<property name="skip" value="Skipping Safari Latest test on chromium">
</property>
</properties>
<skipped>
</skipped>
</testcase>
<testcase name="User Acceptance Testing (UAT) › UAT - Edge Latest › should handle Edge Latest specific features" classname="uat.spec.js" time="5.374">
<failure message="uat.spec.js:328:7 should handle Edge Latest specific features" type="FAILURE">
<![CDATA[  [accessibility] › uat.spec.js:328:7 › User Acceptance Testing (UAT) › UAT - Edge Latest › should handle Edge Latest specific features 

    Error: expect(received).toBe(expected) // Object.is equality

    Expected: 0
    Received: 5

      346 |         // Verify basic functionality
      347 |         const accessibility = await runAccessibilityTests(page);
    > 348 |         expect(accessibility.violations.length).toBe(0);
          |                                                 ^
      349 |
      350 |         // Test performance
      351 |         const loadTime = await measurePageLoad(page);
        at /home/leila/Desktop/my-projects/backend/node.js/appointment-booking-app/frontend/tests/uat.spec.js:348:49

    attachment #1: screenshot (image/png) ──────────────────────────────────────────────────────────
    ../test-results/uat-User-Acceptance-Testin-d8874-ge-Latest-specific-features-accessibility/test-failed-1.png
    ────────────────────────────────────────────────────────────────────────────────────────────────

    attachment #2: video (video/webm) ──────────────────────────────────────────────────────────────
    ../test-results/uat-User-Acceptance-Testin-d8874-ge-Latest-specific-features-accessibility/video-1.webm
    ────────────────────────────────────────────────────────────────────────────────────────────────

    attachment #3: video (video/webm) ──────────────────────────────────────────────────────────────
    ../test-results/uat-User-Acceptance-Testin-d8874-ge-Latest-specific-features-accessibility/video.webm
    ────────────────────────────────────────────────────────────────────────────────────────────────

    Error Context: ../test-results/uat-User-Acceptance-Testin-d8874-ge-Latest-specific-features-accessibility/error-context.md
]]>
</failure>
<system-out>
<![CDATA[Testing browser quirk: windows_integration for Edge Latest
Testing browser quirk: ink_support for Edge Latest

[[ATTACHMENT|uat-User-Acceptance-Testin-d8874-ge-Latest-specific-features-accessibility/test-failed-1.png]]

[[ATTACHMENT|uat-User-Acceptance-Testin-d8874-ge-Latest-specific-features-accessibility/video-1.webm]]

[[ATTACHMENT|uat-User-Acceptance-Testin-d8874-ge-Latest-specific-features-accessibility/video.webm]]

[[ATTACHMENT|uat-User-Acceptance-Testin-d8874-ge-Latest-specific-features-accessibility/error-context.md]]
]]>
</system-out>
</testcase>
</testsuite>
</testsuites>