<testsuites id="" name="" tests="288" failures="288" skipped="0" errors="0" time="187.69786700000003">
<testsuite name="e2e.spec.js" timestamp="2026-01-26T23:11:28.578Z" hostname="chromium" tests="14" failures="14" skipped="0" time="1.89" errors="0">
<testcase name="End-to-End User Workflows › Anonymous User Journey › should complete registration workflow with accessibility" classname="e2e.spec.js" time="0.146">
<failure message="e2e.spec.js:18:5 should complete registration workflow with accessibility" type="FAILURE">
<![CDATA[  [chromium] › e2e.spec.js:18:5 › End-to-End User Workflows › Anonymous User Journey › should complete registration workflow with accessibility 

    Error: browserContext.newPage: Executable doesn't exist at /home/leila/.cache/ms-playwright/ffmpeg-1011/ffmpeg-linux
    ╔═════════════════════════════════════════════════════════════════════════╗
    ║ Looks like Playwright Test or Playwright was just installed or updated. ║
    ║ Please run the following command to download new browsers:              ║
    ║                                                                         ║
    ║     npx playwright install                                              ║
    ║                                                                         ║
    ║ <3 Playwright Team                                                      ║
    ╚═════════════════════════════════════════════════════════════════════════╝
]]>
</failure>
</testcase>
<testcase name="End-to-End User Workflows › Anonymous User Journey › should complete login workflow with accessibility" classname="e2e.spec.js" time="0.147">
<failure message="e2e.spec.js:78:5 should complete login workflow with accessibility" type="FAILURE">
<![CDATA[  [chromium] › e2e.spec.js:78:5 › End-to-End User Workflows › Anonymous User Journey › should complete login workflow with accessibility 

    Error: browserContext.newPage: Executable doesn't exist at /home/leila/.cache/ms-playwright/ffmpeg-1011/ffmpeg-linux
    ╔═════════════════════════════════════════════════════════════════════════╗
    ║ Looks like Playwright Test or Playwright was just installed or updated. ║
    ║ Please run the following command to download new browsers:              ║
    ║                                                                         ║
    ║     npx playwright install                                              ║
    ║                                                                         ║
    ║ <3 Playwright Team                                                      ║
    ╚═════════════════════════════════════════════════════════════════════════╝
]]>
</failure>
</testcase>
<testcase name="End-to-End User Workflows › Authenticated User Journey › should complete appointment booking workflow with accessibility" classname="e2e.spec.js" time="0.145">
<failure message="e2e.spec.js:122:5 should complete appointment booking workflow with accessibility" type="FAILURE">
<![CDATA[  [chromium] › e2e.spec.js:122:5 › End-to-End User Workflows › Authenticated User Journey › should complete appointment booking workflow with accessibility 

    Error: browserContext.newPage: Executable doesn't exist at /home/leila/.cache/ms-playwright/ffmpeg-1011/ffmpeg-linux
    ╔═════════════════════════════════════════════════════════════════════════╗
    ║ Looks like Playwright Test or Playwright was just installed or updated. ║
    ║ Please run the following command to download new browsers:              ║
    ║                                                                         ║
    ║     npx playwright install                                              ║
    ║                                                                         ║
    ║ <3 Playwright Team                                                      ║
    ╚═════════════════════════════════════════════════════════════════════════╝
]]>
</failure>
</testcase>
<testcase name="End-to-End User Workflows › Authenticated User Journey › should manage appointments with accessibility" classname="e2e.spec.js" time="0.133">
<failure message="e2e.spec.js:183:5 should manage appointments with accessibility" type="FAILURE">
<![CDATA[  [chromium] › e2e.spec.js:183:5 › End-to-End User Workflows › Authenticated User Journey › should manage appointments with accessibility 

    Error: browserContext.newPage: Executable doesn't exist at /home/leila/.cache/ms-playwright/ffmpeg-1011/ffmpeg-linux
    ╔═════════════════════════════════════════════════════════════════════════╗
    ║ Looks like Playwright Test or Playwright was just installed or updated. ║
    ║ Please run the following command to download new browsers:              ║
    ║                                                                         ║
    ║     npx playwright install                                              ║
    ║                                                                         ║
    ║ <3 Playwright Team                                                      ║
    ╚═════════════════════════════════════════════════════════════════════════╝
]]>
</failure>
</testcase>
<testcase name="Responsive End-to-End Tests › Mobile Workflow (375x667) › should complete user registration on mobile" classname="e2e.spec.js" time="0.116">
<failure message="e2e.spec.js:240:7 should complete user registration on mobile" type="FAILURE">
<![CDATA[  [chromium] › e2e.spec.js:240:7 › Responsive End-to-End Tests › Mobile Workflow (375x667) › should complete user registration on mobile 

    Error: browserContext.newPage: Executable doesn't exist at /home/leila/.cache/ms-playwright/ffmpeg-1011/ffmpeg-linux
    ╔═════════════════════════════════════════════════════════════════════════╗
    ║ Looks like Playwright Test or Playwright was just installed or updated. ║
    ║ Please run the following command to download new browsers:              ║
    ║                                                                         ║
    ║     npx playwright install                                              ║
    ║                                                                         ║
    ║ <3 Playwright Team                                                      ║
    ╚═════════════════════════════════════════════════════════════════════════╝
]]>
</failure>
</testcase>
<testcase name="Responsive End-to-End Tests › Mobile Workflow (375x667) › should have accessible navigation on mobile" classname="e2e.spec.js" time="0.124">
<failure message="e2e.spec.js:279:7 should have accessible navigation on mobile" type="FAILURE">
<![CDATA[  [chromium] › e2e.spec.js:279:7 › Responsive End-to-End Tests › Mobile Workflow (375x667) › should have accessible navigation on mobile 

    Error: browserContext.newPage: Executable doesn't exist at /home/leila/.cache/ms-playwright/ffmpeg-1011/ffmpeg-linux
    ╔═════════════════════════════════════════════════════════════════════════╗
    ║ Looks like Playwright Test or Playwright was just installed or updated. ║
    ║ Please run the following command to download new browsers:              ║
    ║                                                                         ║
    ║     npx playwright install                                              ║
    ║                                                                         ║
    ║ <3 Playwright Team                                                      ║
    ╚═════════════════════════════════════════════════════════════════════════╝
]]>
</failure>
</testcase>
<testcase name="Responsive End-to-End Tests › Tablet Workflow (768x1024) › should complete user registration on mobile" classname="e2e.spec.js" time="0.126">
<failure message="e2e.spec.js:240:7 should complete user registration on mobile" type="FAILURE">
<![CDATA[  [chromium] › e2e.spec.js:240:7 › Responsive End-to-End Tests › Tablet Workflow (768x1024) › should complete user registration on mobile 

    Error: browserContext.newPage: Executable doesn't exist at /home/leila/.cache/ms-playwright/ffmpeg-1011/ffmpeg-linux
    ╔═════════════════════════════════════════════════════════════════════════╗
    ║ Looks like Playwright Test or Playwright was just installed or updated. ║
    ║ Please run the following command to download new browsers:              ║
    ║                                                                         ║
    ║     npx playwright install                                              ║
    ║                                                                         ║
    ║ <3 Playwright Team                                                      ║
    ╚═════════════════════════════════════════════════════════════════════════╝
]]>
</failure>
</testcase>
<testcase name="Responsive End-to-End Tests › Tablet Workflow (768x1024) › should have accessible navigation on mobile" classname="e2e.spec.js" time="0.115">
<failure message="e2e.spec.js:279:7 should have accessible navigation on mobile" type="FAILURE">
<![CDATA[  [chromium] › e2e.spec.js:279:7 › Responsive End-to-End Tests › Tablet Workflow (768x1024) › should have accessible navigation on mobile 

    Error: browserContext.newPage: Executable doesn't exist at /home/leila/.cache/ms-playwright/ffmpeg-1011/ffmpeg-linux
    ╔═════════════════════════════════════════════════════════════════════════╗
    ║ Looks like Playwright Test or Playwright was just installed or updated. ║
    ║ Please run the following command to download new browsers:              ║
    ║                                                                         ║
    ║     npx playwright install                                              ║
    ║                                                                         ║
    ║ <3 Playwright Team                                                      ║
    ╚═════════════════════════════════════════════════════════════════════════╝
]]>
</failure>
</testcase>
<testcase name="Responsive End-to-End Tests › Desktop Workflow (1920x1080) › should complete user registration on mobile" classname="e2e.spec.js" time="0.12">
<failure message="e2e.spec.js:240:7 should complete user registration on mobile" type="FAILURE">
<![CDATA[  [chromium] › e2e.spec.js:240:7 › Responsive End-to-End Tests › Desktop Workflow (1920x1080) › should complete user registration on mobile 

    Error: browserContext.newPage: Executable doesn't exist at /home/leila/.cache/ms-playwright/ffmpeg-1011/ffmpeg-linux
    ╔═════════════════════════════════════════════════════════════════════════╗
    ║ Looks like Playwright Test or Playwright was just installed or updated. ║
    ║ Please run the following command to download new browsers:              ║
    ║                                                                         ║
    ║     npx playwright install                                              ║
    ║                                                                         ║
    ║ <3 Playwright Team                                                      ║
    ╚═════════════════════════════════════════════════════════════════════════╝
]]>
</failure>
</testcase>
<testcase name="Responsive End-to-End Tests › Desktop Workflow (1920x1080) › should have accessible navigation on mobile" classname="e2e.spec.js" time="0.124">
<failure message="e2e.spec.js:279:7 should have accessible navigation on mobile" type="FAILURE">
<![CDATA[  [chromium] › e2e.spec.js:279:7 › Responsive End-to-End Tests › Desktop Workflow (1920x1080) › should have accessible navigation on mobile 

    Error: browserContext.newPage: Executable doesn't exist at /home/leila/.cache/ms-playwright/ffmpeg-1011/ffmpeg-linux
    ╔═════════════════════════════════════════════════════════════════════════╗
    ║ Looks like Playwright Test or Playwright was just installed or updated. ║
    ║ Please run the following command to download new browsers:              ║
    ║                                                                         ║
    ║     npx playwright install                                              ║
    ║                                                                         ║
    ║ <3 Playwright Team                                                      ║
    ╚═════════════════════════════════════════════════════════════════════════╝
]]>
</failure>
</testcase>
<testcase name="Assistive Technology Workflows › should work with screen reader simulation" classname="e2e.spec.js" time="0.193">
<failure message="e2e.spec.js:314:3 should work with screen reader simulation" type="FAILURE">
<![CDATA[  [chromium] › e2e.spec.js:314:3 › Assistive Technology Workflows › should work with screen reader simulation 

    Error: browserContext.newPage: Executable doesn't exist at /home/leila/.cache/ms-playwright/ffmpeg-1011/ffmpeg-linux
    ╔═════════════════════════════════════════════════════════════════════════╗
    ║ Looks like Playwright Test or Playwright was just installed or updated. ║
    ║ Please run the following command to download new browsers:              ║
    ║                                                                         ║
    ║     npx playwright install                                              ║
    ║                                                                         ║
    ║ <3 Playwright Team                                                      ║
    ╚═════════════════════════════════════════════════════════════════════════╝
]]>
</failure>
</testcase>
<testcase name="Assistive Technology Workflows › should support keyboard-only navigation" classname="e2e.spec.js" time="0.174">
<failure message="e2e.spec.js:352:3 should support keyboard-only navigation" type="FAILURE">
<![CDATA[  [chromium] › e2e.spec.js:352:3 › Assistive Technology Workflows › should support keyboard-only navigation 

    Error: browserContext.newPage: Executable doesn't exist at /home/leila/.cache/ms-playwright/ffmpeg-1011/ffmpeg-linux
    ╔═════════════════════════════════════════════════════════════════════════╗
    ║ Looks like Playwright Test or Playwright was just installed or updated. ║
    ║ Please run the following command to download new browsers:              ║
    ║                                                                         ║
    ║     npx playwright install                                              ║
    ║                                                                         ║
    ║ <3 Playwright Team                                                      ║
    ╚═════════════════════════════════════════════════════════════════════════╝
]]>
</failure>
</testcase>
<testcase name="Error Handling and Edge Cases › should handle form validation errors accessibly" classname="e2e.spec.js" time="0.102">
<failure message="e2e.spec.js:400:3 should handle form validation errors accessibly" type="FAILURE">
<![CDATA[  [chromium] › e2e.spec.js:400:3 › Error Handling and Edge Cases › should handle form validation errors accessibly 

    Error: browserContext.newPage: Executable doesn't exist at /home/leila/.cache/ms-playwright/ffmpeg-1011/ffmpeg-linux
    ╔═════════════════════════════════════════════════════════════════════════╗
    ║ Looks like Playwright Test or Playwright was just installed or updated. ║
    ║ Please run the following command to download new browsers:              ║
    ║                                                                         ║
    ║     npx playwright install                                              ║
    ║                                                                         ║
    ║ <3 Playwright Team                                                      ║
    ╚═════════════════════════════════════════════════════════════════════════╝
]]>
</failure>
</testcase>
<testcase name="Error Handling and Edge Cases › should handle network errors gracefully" classname="e2e.spec.js" time="0.125">
<failure message="e2e.spec.js:432:3 should handle network errors gracefully" type="FAILURE">
<![CDATA[  [chromium] › e2e.spec.js:432:3 › Error Handling and Edge Cases › should handle network errors gracefully 

    Error: browserContext.newPage: Executable doesn't exist at /home/leila/.cache/ms-playwright/ffmpeg-1011/ffmpeg-linux
    ╔═════════════════════════════════════════════════════════════════════════╗
    ║ Looks like Playwright Test or Playwright was just installed or updated. ║
    ║ Please run the following command to download new browsers:              ║
    ║                                                                         ║
    ║     npx playwright install                                              ║
    ║                                                                         ║
    ║ <3 Playwright Team                                                      ║
    ╚═════════════════════════════════════════════════════════════════════════╝
]]>
</failure>
</testcase>
</testsuite>
<testsuite name="guest-booking.spec.js" timestamp="2026-01-26T23:11:28.578Z" hostname="chromium" tests="4" failures="4" skipped="0" time="0.531" errors="0">
<testcase name="Guest Booking Flow › should complete full guest booking workflow with lazy registration" classname="guest-booking.spec.js" time="0.126">
<failure message="guest-booking.spec.js:9:3 should complete full guest booking workflow with lazy registration" type="FAILURE">
<![CDATA[  [chromium] › guest-booking.spec.js:9:3 › Guest Booking Flow › should complete full guest booking workflow with lazy registration 

    Error: browserContext.newPage: Executable doesn't exist at /home/leila/.cache/ms-playwright/ffmpeg-1011/ffmpeg-linux
    ╔═════════════════════════════════════════════════════════════════════════╗
    ║ Looks like Playwright Test or Playwright was just installed or updated. ║
    ║ Please run the following command to download new browsers:              ║
    ║                                                                         ║
    ║     npx playwright install                                              ║
    ║                                                                         ║
    ║ <3 Playwright Team                                                      ║
    ╚═════════════════════════════════════════════════════════════════════════╝
]]>
</failure>
</testcase>
<testcase name="Guest Booking Flow › should handle sign-up prompt acceptance" classname="guest-booking.spec.js" time="0.126">
<failure message="guest-booking.spec.js:123:3 should handle sign-up prompt acceptance" type="FAILURE">
<![CDATA[  [chromium] › guest-booking.spec.js:123:3 › Guest Booking Flow › should handle sign-up prompt acceptance 

    Error: browserContext.newPage: Executable doesn't exist at /home/leila/.cache/ms-playwright/ffmpeg-1011/ffmpeg-linux
    ╔═════════════════════════════════════════════════════════════════════════╗
    ║ Looks like Playwright Test or Playwright was just installed or updated. ║
    ║ Please run the following command to download new browsers:              ║
    ║                                                                         ║
    ║     npx playwright install                                              ║
    ║                                                                         ║
    ║ <3 Playwright Team                                                      ║
    ╚═════════════════════════════════════════════════════════════════════════╝
]]>
</failure>
</testcase>
<testcase name="Guest Booking Flow › should validate guest booking form fields" classname="guest-booking.spec.js" time="0.133">
<failure message="guest-booking.spec.js:163:3 should validate guest booking form fields" type="FAILURE">
<![CDATA[  [chromium] › guest-booking.spec.js:163:3 › Guest Booking Flow › should validate guest booking form fields 

    Error: browserContext.newPage: Executable doesn't exist at /home/leila/.cache/ms-playwright/ffmpeg-1011/ffmpeg-linux
    ╔═════════════════════════════════════════════════════════════════════════╗
    ║ Looks like Playwright Test or Playwright was just installed or updated. ║
    ║ Please run the following command to download new browsers:              ║
    ║                                                                         ║
    ║     npx playwright install                                              ║
    ║                                                                         ║
    ║ <3 Playwright Team                                                      ║
    ╚═════════════════════════════════════════════════════════════════════════╝
]]>
</failure>
</testcase>
<testcase name="Guest Booking Flow › should allow browsing provider profiles" classname="guest-booking.spec.js" time="0.146">
<failure message="guest-booking.spec.js:203:3 should allow browsing provider profiles" type="FAILURE">
<![CDATA[  [chromium] › guest-booking.spec.js:203:3 › Guest Booking Flow › should allow browsing provider profiles 

    Error: browserContext.newPage: Executable doesn't exist at /home/leila/.cache/ms-playwright/ffmpeg-1011/ffmpeg-linux
    ╔═════════════════════════════════════════════════════════════════════════╗
    ║ Looks like Playwright Test or Playwright was just installed or updated. ║
    ║ Please run the following command to download new browsers:              ║
    ║                                                                         ║
    ║     npx playwright install                                              ║
    ║                                                                         ║
    ║ <3 Playwright Team                                                      ║
    ╚═════════════════════════════════════════════════════════════════════════╝
]]>
</failure>
</testcase>
</testsuite>
<testsuite name="uat.spec.js" timestamp="2026-01-26T23:11:28.578Z" hostname="chromium" tests="18" failures="18" skipped="0" time="2.388" errors="0">
<testcase name="User Acceptance Testing (UAT) › New User Registration &amp; First Appointment › should complete Complete workflow for a new user registering and booking their first appointment" classname="uat.spec.js" time="0.141">
<failure message="uat.spec.js:201:7 should complete Complete workflow for a new user registering and booking their first appointment" type="FAILURE">
<![CDATA[  [chromium] › uat.spec.js:201:7 › User Acceptance Testing (UAT) › New User Registration & First Appointment › should complete Complete workflow for a new user registering and booking their first appointment 

    Error: browserContext.newPage: Executable doesn't exist at /home/leila/.cache/ms-playwright/ffmpeg-1011/ffmpeg-linux
    ╔═════════════════════════════════════════════════════════════════════════╗
    ║ Looks like Playwright Test or Playwright was just installed or updated. ║
    ║ Please run the following command to download new browsers:              ║
    ║                                                                         ║
    ║     npx playwright install                                              ║
    ║                                                                         ║
    ║ <3 Playwright Team                                                      ║
    ╚═════════════════════════════════════════════════════════════════════════╝
]]>
</failure>
</testcase>
<testcase name="User Acceptance Testing (UAT) › Existing User Managing Appointments › should complete Returning user managing their appointment schedule" classname="uat.spec.js" time="0.135">
<failure message="uat.spec.js:201:7 should complete Returning user managing their appointment schedule" type="FAILURE">
<![CDATA[  [chromium] › uat.spec.js:201:7 › User Acceptance Testing (UAT) › Existing User Managing Appointments › should complete Returning user managing their appointment schedule 

    Error: browserContext.newPage: Executable doesn't exist at /home/leila/.cache/ms-playwright/ffmpeg-1011/ffmpeg-linux
    ╔═════════════════════════════════════════════════════════════════════════╗
    ║ Looks like Playwright Test or Playwright was just installed or updated. ║
    ║ Please run the following command to download new browsers:              ║
    ║                                                                         ║
    ║     npx playwright install                                              ║
    ║                                                                         ║
    ║ <3 Playwright Team                                                      ║
    ╚═════════════════════════════════════════════════════════════════════════╝
]]>
</failure>
</testcase>
<testcase name="User Acceptance Testing (UAT) › Provider Managing Schedule › should complete Healthcare provider managing their appointment schedule" classname="uat.spec.js" time="0.143">
<failure message="uat.spec.js:201:7 should complete Healthcare provider managing their appointment schedule" type="FAILURE">
<![CDATA[  [chromium] › uat.spec.js:201:7 › User Acceptance Testing (UAT) › Provider Managing Schedule › should complete Healthcare provider managing their appointment schedule 

    Error: browserContext.newPage: Executable doesn't exist at /home/leila/.cache/ms-playwright/ffmpeg-1011/ffmpeg-linux
    ╔═════════════════════════════════════════════════════════════════════════╗
    ║ Looks like Playwright Test or Playwright was just installed or updated. ║
    ║ Please run the following command to download new browsers:              ║
    ║                                                                         ║
    ║     npx playwright install                                              ║
    ║                                                                         ║
    ║ <3 Playwright Team                                                      ║
    ╚═════════════════════════════════════════════════════════════════════════╝
]]>
</failure>
</testcase>
<testcase name="User Acceptance Testing (UAT) › Accessibility-First User Experience › should complete Testing with enhanced accessibility features enabled" classname="uat.spec.js" time="0.121">
<failure message="uat.spec.js:201:7 should complete Testing with enhanced accessibility features enabled" type="FAILURE">
<![CDATA[  [chromium] › uat.spec.js:201:7 › User Acceptance Testing (UAT) › Accessibility-First User Experience › should complete Testing with enhanced accessibility features enabled 

    Error: browserContext.newPage: Executable doesn't exist at /home/leila/.cache/ms-playwright/ffmpeg-1011/ffmpeg-linux
    ╔═════════════════════════════════════════════════════════════════════════╗
    ║ Looks like Playwright Test or Playwright was just installed or updated. ║
    ║ Please run the following command to download new browsers:              ║
    ║                                                                         ║
    ║     npx playwright install                                              ║
    ║                                                                         ║
    ║ <3 Playwright Team                                                      ║
    ╚═════════════════════════════════════════════════════════════════════════╝
]]>
</failure>
</testcase>
<testcase name="User Acceptance Testing (UAT) › UAT - Mobile Phone Portrait › should complete login on Mobile Phone Portrait" classname="uat.spec.js" time="0.119">
<failure message="uat.spec.js:291:9 should complete login on Mobile Phone Portrait" type="FAILURE">
<![CDATA[  [chromium] › uat.spec.js:291:9 › User Acceptance Testing (UAT) › UAT - Mobile Phone Portrait › should complete login on Mobile Phone Portrait 

    Error: browserContext.newPage: Executable doesn't exist at /home/leila/.cache/ms-playwright/ffmpeg-1011/ffmpeg-linux
    ╔═════════════════════════════════════════════════════════════════════════╗
    ║ Looks like Playwright Test or Playwright was just installed or updated. ║
    ║ Please run the following command to download new browsers:              ║
    ║                                                                         ║
    ║     npx playwright install                                              ║
    ║                                                                         ║
    ║ <3 Playwright Team                                                      ║
    ╚═════════════════════════════════════════════════════════════════════════╝
]]>
</failure>
</testcase>
<testcase name="User Acceptance Testing (UAT) › UAT - Mobile Phone Portrait › should complete booking on Mobile Phone Portrait" classname="uat.spec.js" time="0.139">
<failure message="uat.spec.js:291:9 should complete booking on Mobile Phone Portrait" type="FAILURE">
<![CDATA[  [chromium] › uat.spec.js:291:9 › User Acceptance Testing (UAT) › UAT - Mobile Phone Portrait › should complete booking on Mobile Phone Portrait 

    Error: browserContext.newPage: Executable doesn't exist at /home/leila/.cache/ms-playwright/ffmpeg-1011/ffmpeg-linux
    ╔═════════════════════════════════════════════════════════════════════════╗
    ║ Looks like Playwright Test or Playwright was just installed or updated. ║
    ║ Please run the following command to download new browsers:              ║
    ║                                                                         ║
    ║     npx playwright install                                              ║
    ║                                                                         ║
    ║ <3 Playwright Team                                                      ║
    ╚═════════════════════════════════════════════════════════════════════════╝
]]>
</failure>
</testcase>
<testcase name="User Acceptance Testing (UAT) › UAT - Mobile Phone Portrait › should complete profile_management on Mobile Phone Portrait" classname="uat.spec.js" time="0.125">
<failure message="uat.spec.js:291:9 should complete profile_management on Mobile Phone Portrait" type="FAILURE">
<![CDATA[  [chromium] › uat.spec.js:291:9 › User Acceptance Testing (UAT) › UAT - Mobile Phone Portrait › should complete profile_management on Mobile Phone Portrait 

    Error: browserContext.newPage: Executable doesn't exist at /home/leila/.cache/ms-playwright/ffmpeg-1011/ffmpeg-linux
    ╔═════════════════════════════════════════════════════════════════════════╗
    ║ Looks like Playwright Test or Playwright was just installed or updated. ║
    ║ Please run the following command to download new browsers:              ║
    ║                                                                         ║
    ║     npx playwright install                                              ║
    ║                                                                         ║
    ║ <3 Playwright Team                                                      ║
    ╚═════════════════════════════════════════════════════════════════════════╝
]]>
</failure>
</testcase>
<testcase name="User Acceptance Testing (UAT) › UAT - Mobile Phone Landscape › should complete booking on Mobile Phone Landscape" classname="uat.spec.js" time="0.128">
<failure message="uat.spec.js:291:9 should complete booking on Mobile Phone Landscape" type="FAILURE">
<![CDATA[  [chromium] › uat.spec.js:291:9 › User Acceptance Testing (UAT) › UAT - Mobile Phone Landscape › should complete booking on Mobile Phone Landscape 

    Error: browserContext.newPage: Executable doesn't exist at /home/leila/.cache/ms-playwright/ffmpeg-1011/ffmpeg-linux
    ╔═════════════════════════════════════════════════════════════════════════╗
    ║ Looks like Playwright Test or Playwright was just installed or updated. ║
    ║ Please run the following command to download new browsers:              ║
    ║                                                                         ║
    ║     npx playwright install                                              ║
    ║                                                                         ║
    ║ <3 Playwright Team                                                      ║
    ╚═════════════════════════════════════════════════════════════════════════╝
]]>
</failure>
</testcase>
<testcase name="User Acceptance Testing (UAT) › UAT - Mobile Phone Landscape › should complete appointment_view on Mobile Phone Landscape" classname="uat.spec.js" time="0.141">
<failure message="uat.spec.js:291:9 should complete appointment_view on Mobile Phone Landscape" type="FAILURE">
<![CDATA[  [chromium] › uat.spec.js:291:9 › User Acceptance Testing (UAT) › UAT - Mobile Phone Landscape › should complete appointment_view on Mobile Phone Landscape 

    Error: browserContext.newPage: Executable doesn't exist at /home/leila/.cache/ms-playwright/ffmpeg-1011/ffmpeg-linux
    ╔═════════════════════════════════════════════════════════════════════════╗
    ║ Looks like Playwright Test or Playwright was just installed or updated. ║
    ║ Please run the following command to download new browsers:              ║
    ║                                                                         ║
    ║     npx playwright install                                              ║
    ║                                                                         ║
    ║ <3 Playwright Team                                                      ║
    ╚═════════════════════════════════════════════════════════════════════════╝
]]>
</failure>
</testcase>
<testcase name="User Acceptance Testing (UAT) › UAT - Tablet Portrait › should complete provider_dashboard on Tablet Portrait" classname="uat.spec.js" time="0.106">
<failure message="uat.spec.js:291:9 should complete provider_dashboard on Tablet Portrait" type="FAILURE">
<![CDATA[  [chromium] › uat.spec.js:291:9 › User Acceptance Testing (UAT) › UAT - Tablet Portrait › should complete provider_dashboard on Tablet Portrait 

    Error: browserContext.newPage: Executable doesn't exist at /home/leila/.cache/ms-playwright/ffmpeg-1011/ffmpeg-linux
    ╔═════════════════════════════════════════════════════════════════════════╗
    ║ Looks like Playwright Test or Playwright was just installed or updated. ║
    ║ Please run the following command to download new browsers:              ║
    ║                                                                         ║
    ║     npx playwright install                                              ║
    ║                                                                         ║
    ║ <3 Playwright Team                                                      ║
    ╚═════════════════════════════════════════════════════════════════════════╝
]]>
</failure>
</testcase>
<testcase name="User Acceptance Testing (UAT) › UAT - Tablet Portrait › should complete schedule_management on Tablet Portrait" classname="uat.spec.js" time="0.131">
<failure message="uat.spec.js:291:9 should complete schedule_management on Tablet Portrait" type="FAILURE">
<![CDATA[  [chromium] › uat.spec.js:291:9 › User Acceptance Testing (UAT) › UAT - Tablet Portrait › should complete schedule_management on Tablet Portrait 

    Error: browserContext.newPage: Executable doesn't exist at /home/leila/.cache/ms-playwright/ffmpeg-1011/ffmpeg-linux
    ╔═════════════════════════════════════════════════════════════════════════╗
    ║ Looks like Playwright Test or Playwright was just installed or updated. ║
    ║ Please run the following command to download new browsers:              ║
    ║                                                                         ║
    ║     npx playwright install                                              ║
    ║                                                                         ║
    ║ <3 Playwright Team                                                      ║
    ╚═════════════════════════════════════════════════════════════════════════╝
]]>
</failure>
</testcase>
<testcase name="User Acceptance Testing (UAT) › UAT - Desktop Standard › should complete full_workflow on Desktop Standard" classname="uat.spec.js" time="0.114">
<failure message="uat.spec.js:291:9 should complete full_workflow on Desktop Standard" type="FAILURE">
<![CDATA[  [chromium] › uat.spec.js:291:9 › User Acceptance Testing (UAT) › UAT - Desktop Standard › should complete full_workflow on Desktop Standard 

    Error: browserContext.newPage: Executable doesn't exist at /home/leila/.cache/ms-playwright/ffmpeg-1011/ffmpeg-linux
    ╔═════════════════════════════════════════════════════════════════════════╗
    ║ Looks like Playwright Test or Playwright was just installed or updated. ║
    ║ Please run the following command to download new browsers:              ║
    ║                                                                         ║
    ║     npx playwright install                                              ║
    ║                                                                         ║
    ║ <3 Playwright Team                                                      ║
    ╚═════════════════════════════════════════════════════════════════════════╝
]]>
</failure>
</testcase>
<testcase name="User Acceptance Testing (UAT) › UAT - Desktop Standard › should complete reporting on Desktop Standard" classname="uat.spec.js" time="0.13">
<failure message="uat.spec.js:291:9 should complete reporting on Desktop Standard" type="FAILURE">
<![CDATA[  [chromium] › uat.spec.js:291:9 › User Acceptance Testing (UAT) › UAT - Desktop Standard › should complete reporting on Desktop Standard 

    Error: browserContext.newPage: Executable doesn't exist at /home/leila/.cache/ms-playwright/ffmpeg-1011/ffmpeg-linux
    ╔═════════════════════════════════════════════════════════════════════════╗
    ║ Looks like Playwright Test or Playwright was just installed or updated. ║
    ║ Please run the following command to download new browsers:              ║
    ║                                                                         ║
    ║     npx playwright install                                              ║
    ║                                                                         ║
    ║ <3 Playwright Team                                                      ║
    ╚═════════════════════════════════════════════════════════════════════════╝
]]>
</failure>
</testcase>
<testcase name="User Acceptance Testing (UAT) › UAT - Desktop Standard › should complete bulk_operations on Desktop Standard" classname="uat.spec.js" time="0.135">
<failure message="uat.spec.js:291:9 should complete bulk_operations on Desktop Standard" type="FAILURE">
<![CDATA[  [chromium] › uat.spec.js:291:9 › User Acceptance Testing (UAT) › UAT - Desktop Standard › should complete bulk_operations on Desktop Standard 

    Error: browserContext.newPage: Executable doesn't exist at /home/leila/.cache/ms-playwright/ffmpeg-1011/ffmpeg-linux
    ╔═════════════════════════════════════════════════════════════════════════╗
    ║ Looks like Playwright Test or Playwright was just installed or updated. ║
    ║ Please run the following command to download new browsers:              ║
    ║                                                                         ║
    ║     npx playwright install                                              ║
    ║                                                                         ║
    ║ <3 Playwright Team                                                      ║
    ╚═════════════════════════════════════════════════════════════════════════╝
]]>
</failure>
</testcase>
<testcase name="User Acceptance Testing (UAT) › UAT - Chrome Latest › should handle Chrome Latest specific features" classname="uat.spec.js" time="0.126">
<failure message="uat.spec.js:328:7 should handle Chrome Latest specific features" type="FAILURE">
<![CDATA[  [chromium] › uat.spec.js:328:7 › User Acceptance Testing (UAT) › UAT - Chrome Latest › should handle Chrome Latest specific features 

    Error: browserContext.newPage: Executable doesn't exist at /home/leila/.cache/ms-playwright/ffmpeg-1011/ffmpeg-linux
    ╔═════════════════════════════════════════════════════════════════════════╗
    ║ Looks like Playwright Test or Playwright was just installed or updated. ║
    ║ Please run the following command to download new browsers:              ║
    ║                                                                         ║
    ║     npx playwright install                                              ║
    ║                                                                         ║
    ║ <3 Playwright Team                                                      ║
    ╚═════════════════════════════════════════════════════════════════════════╝
]]>
</failure>
</testcase>
<testcase name="User Acceptance Testing (UAT) › UAT - Firefox Latest › should handle Firefox Latest specific features" classname="uat.spec.js" time="0.179">
<failure message="uat.spec.js:328:7 should handle Firefox Latest specific features" type="FAILURE">
<![CDATA[  [chromium] › uat.spec.js:328:7 › User Acceptance Testing (UAT) › UAT - Firefox Latest › should handle Firefox Latest specific features 

    Error: browserContext.newPage: Executable doesn't exist at /home/leila/.cache/ms-playwright/ffmpeg-1011/ffmpeg-linux
    ╔═════════════════════════════════════════════════════════════════════════╗
    ║ Looks like Playwright Test or Playwright was just installed or updated. ║
    ║ Please run the following command to download new browsers:              ║
    ║                                                                         ║
    ║     npx playwright install                                              ║
    ║                                                                         ║
    ║ <3 Playwright Team                                                      ║
    ╚═════════════════════════════════════════════════════════════════════════╝
]]>
</failure>
</testcase>
<testcase name="User Acceptance Testing (UAT) › UAT - Safari Latest › should handle Safari Latest specific features" classname="uat.spec.js" time="0.142">
<failure message="uat.spec.js:328:7 should handle Safari Latest specific features" type="FAILURE">
<![CDATA[  [chromium] › uat.spec.js:328:7 › User Acceptance Testing (UAT) › UAT - Safari Latest › should handle Safari Latest specific features 

    Error: browserContext.newPage: Executable doesn't exist at /home/leila/.cache/ms-playwright/ffmpeg-1011/ffmpeg-linux
    ╔═════════════════════════════════════════════════════════════════════════╗
    ║ Looks like Playwright Test or Playwright was just installed or updated. ║
    ║ Please run the following command to download new browsers:              ║
    ║                                                                         ║
    ║     npx playwright install                                              ║
    ║                                                                         ║
    ║ <3 Playwright Team                                                      ║
    ╚═════════════════════════════════════════════════════════════════════════╝
]]>
</failure>
</testcase>
<testcase name="User Acceptance Testing (UAT) › UAT - Edge Latest › should handle Edge Latest specific features" classname="uat.spec.js" time="0.133">
<failure message="uat.spec.js:328:7 should handle Edge Latest specific features" type="FAILURE">
<![CDATA[  [chromium] › uat.spec.js:328:7 › User Acceptance Testing (UAT) › UAT - Edge Latest › should handle Edge Latest specific features 

    Error: browserContext.newPage: Executable doesn't exist at /home/leila/.cache/ms-playwright/ffmpeg-1011/ffmpeg-linux
    ╔═════════════════════════════════════════════════════════════════════════╗
    ║ Looks like Playwright Test or Playwright was just installed or updated. ║
    ║ Please run the following command to download new browsers:              ║
    ║                                                                         ║
    ║     npx playwright install                                              ║
    ║                                                                         ║
    ║ <3 Playwright Team                                                      ║
    ╚═════════════════════════════════════════════════════════════════════════╝
]]>
</failure>
</testcase>
</testsuite>
<testsuite name="e2e.spec.js" timestamp="2026-01-26T23:11:28.578Z" hostname="firefox" tests="14" failures="14" skipped="0" time="0.148" errors="0">
<testcase name="End-to-End User Workflows › Anonymous User Journey › should complete registration workflow with accessibility" classname="e2e.spec.js" time="0.012">
<failure message="e2e.spec.js:18:5 should complete registration workflow with accessibility" type="FAILURE">
<![CDATA[  [firefox] › e2e.spec.js:18:5 › End-to-End User Workflows › Anonymous User Journey › should complete registration workflow with accessibility 

    Error: browserType.launch: Executable doesn't exist at /home/leila/.cache/ms-playwright/firefox-1497/firefox/firefox
    ╔═════════════════════════════════════════════════════════════════════════╗
    ║ Looks like Playwright Test or Playwright was just installed or updated. ║
    ║ Please run the following command to download new browsers:              ║
    ║                                                                         ║
    ║     npx playwright install                                              ║
    ║                                                                         ║
    ║ <3 Playwright Team                                                      ║
    ╚═════════════════════════════════════════════════════════════════════════╝
]]>
</failure>
</testcase>
<testcase name="End-to-End User Workflows › Anonymous User Journey › should complete login workflow with accessibility" classname="e2e.spec.js" time="0.01">
<failure message="e2e.spec.js:78:5 should complete login workflow with accessibility" type="FAILURE">
<![CDATA[  [firefox] › e2e.spec.js:78:5 › End-to-End User Workflows › Anonymous User Journey › should complete login workflow with accessibility 

    Error: browserType.launch: Executable doesn't exist at /home/leila/.cache/ms-playwright/firefox-1497/firefox/firefox
    ╔═════════════════════════════════════════════════════════════════════════╗
    ║ Looks like Playwright Test or Playwright was just installed or updated. ║
    ║ Please run the following command to download new browsers:              ║
    ║                                                                         ║
    ║     npx playwright install                                              ║
    ║                                                                         ║
    ║ <3 Playwright Team                                                      ║
    ╚═════════════════════════════════════════════════════════════════════════╝
]]>
</failure>
</testcase>
<testcase name="End-to-End User Workflows › Authenticated User Journey › should complete appointment booking workflow with accessibility" classname="e2e.spec.js" time="0.011">
<failure message="e2e.spec.js:122:5 should complete appointment booking workflow with accessibility" type="FAILURE">
<![CDATA[  [firefox] › e2e.spec.js:122:5 › End-to-End User Workflows › Authenticated User Journey › should complete appointment booking workflow with accessibility 

    Error: browserType.launch: Executable doesn't exist at /home/leila/.cache/ms-playwright/firefox-1497/firefox/firefox
    ╔═════════════════════════════════════════════════════════════════════════╗
    ║ Looks like Playwright Test or Playwright was just installed or updated. ║
    ║ Please run the following command to download new browsers:              ║
    ║                                                                         ║
    ║     npx playwright install                                              ║
    ║                                                                         ║
    ║ <3 Playwright Team                                                      ║
    ╚═════════════════════════════════════════════════════════════════════════╝
]]>
</failure>
</testcase>
<testcase name="End-to-End User Workflows › Authenticated User Journey › should manage appointments with accessibility" classname="e2e.spec.js" time="0.011">
<failure message="e2e.spec.js:183:5 should manage appointments with accessibility" type="FAILURE">
<![CDATA[  [firefox] › e2e.spec.js:183:5 › End-to-End User Workflows › Authenticated User Journey › should manage appointments with accessibility 

    Error: browserType.launch: Executable doesn't exist at /home/leila/.cache/ms-playwright/firefox-1497/firefox/firefox
    ╔═════════════════════════════════════════════════════════════════════════╗
    ║ Looks like Playwright Test or Playwright was just installed or updated. ║
    ║ Please run the following command to download new browsers:              ║
    ║                                                                         ║
    ║     npx playwright install                                              ║
    ║                                                                         ║
    ║ <3 Playwright Team                                                      ║
    ╚═════════════════════════════════════════════════════════════════════════╝
]]>
</failure>
</testcase>
<testcase name="Responsive End-to-End Tests › Mobile Workflow (375x667) › should complete user registration on mobile" classname="e2e.spec.js" time="0.01">
<failure message="e2e.spec.js:240:7 should complete user registration on mobile" type="FAILURE">
<![CDATA[  [firefox] › e2e.spec.js:240:7 › Responsive End-to-End Tests › Mobile Workflow (375x667) › should complete user registration on mobile 

    Error: browserType.launch: Executable doesn't exist at /home/leila/.cache/ms-playwright/firefox-1497/firefox/firefox
    ╔═════════════════════════════════════════════════════════════════════════╗
    ║ Looks like Playwright Test or Playwright was just installed or updated. ║
    ║ Please run the following command to download new browsers:              ║
    ║                                                                         ║
    ║     npx playwright install                                              ║
    ║                                                                         ║
    ║ <3 Playwright Team                                                      ║
    ╚═════════════════════════════════════════════════════════════════════════╝
]]>
</failure>
</testcase>
<testcase name="Responsive End-to-End Tests › Mobile Workflow (375x667) › should have accessible navigation on mobile" classname="e2e.spec.js" time="0.011">
<failure message="e2e.spec.js:279:7 should have accessible navigation on mobile" type="FAILURE">
<![CDATA[  [firefox] › e2e.spec.js:279:7 › Responsive End-to-End Tests › Mobile Workflow (375x667) › should have accessible navigation on mobile 

    Error: browserType.launch: Executable doesn't exist at /home/leila/.cache/ms-playwright/firefox-1497/firefox/firefox
    ╔═════════════════════════════════════════════════════════════════════════╗
    ║ Looks like Playwright Test or Playwright was just installed or updated. ║
    ║ Please run the following command to download new browsers:              ║
    ║                                                                         ║
    ║     npx playwright install                                              ║
    ║                                                                         ║
    ║ <3 Playwright Team                                                      ║
    ╚═════════════════════════════════════════════════════════════════════════╝
]]>
</failure>
</testcase>
<testcase name="Responsive End-to-End Tests › Tablet Workflow (768x1024) › should complete user registration on mobile" classname="e2e.spec.js" time="0.01">
<failure message="e2e.spec.js:240:7 should complete user registration on mobile" type="FAILURE">
<![CDATA[  [firefox] › e2e.spec.js:240:7 › Responsive End-to-End Tests › Tablet Workflow (768x1024) › should complete user registration on mobile 

    Error: browserType.launch: Executable doesn't exist at /home/leila/.cache/ms-playwright/firefox-1497/firefox/firefox
    ╔═════════════════════════════════════════════════════════════════════════╗
    ║ Looks like Playwright Test or Playwright was just installed or updated. ║
    ║ Please run the following command to download new browsers:              ║
    ║                                                                         ║
    ║     npx playwright install                                              ║
    ║                                                                         ║
    ║ <3 Playwright Team                                                      ║
    ╚═════════════════════════════════════════════════════════════════════════╝
]]>
</failure>
</testcase>
<testcase name="Responsive End-to-End Tests › Tablet Workflow (768x1024) › should have accessible navigation on mobile" classname="e2e.spec.js" time="0.011">
<failure message="e2e.spec.js:279:7 should have accessible navigation on mobile" type="FAILURE">
<![CDATA[  [firefox] › e2e.spec.js:279:7 › Responsive End-to-End Tests › Tablet Workflow (768x1024) › should have accessible navigation on mobile 

    Error: browserType.launch: Executable doesn't exist at /home/leila/.cache/ms-playwright/firefox-1497/firefox/firefox
    ╔═════════════════════════════════════════════════════════════════════════╗
    ║ Looks like Playwright Test or Playwright was just installed or updated. ║
    ║ Please run the following command to download new browsers:              ║
    ║                                                                         ║
    ║     npx playwright install                                              ║
    ║                                                                         ║
    ║ <3 Playwright Team                                                      ║
    ╚═════════════════════════════════════════════════════════════════════════╝
]]>
</failure>
</testcase>
<testcase name="Responsive End-to-End Tests › Desktop Workflow (1920x1080) › should complete user registration on mobile" classname="e2e.spec.js" time="0.008">
<failure message="e2e.spec.js:240:7 should complete user registration on mobile" type="FAILURE">
<![CDATA[  [firefox] › e2e.spec.js:240:7 › Responsive End-to-End Tests › Desktop Workflow (1920x1080) › should complete user registration on mobile 

    Error: browserType.launch: Executable doesn't exist at /home/leila/.cache/ms-playwright/firefox-1497/firefox/firefox
    ╔═════════════════════════════════════════════════════════════════════════╗
    ║ Looks like Playwright Test or Playwright was just installed or updated. ║
    ║ Please run the following command to download new browsers:              ║
    ║                                                                         ║
    ║     npx playwright install                                              ║
    ║                                                                         ║
    ║ <3 Playwright Team                                                      ║
    ╚═════════════════════════════════════════════════════════════════════════╝
]]>
</failure>
</testcase>
<testcase name="Responsive End-to-End Tests › Desktop Workflow (1920x1080) › should have accessible navigation on mobile" classname="e2e.spec.js" time="0.015">
<failure message="e2e.spec.js:279:7 should have accessible navigation on mobile" type="FAILURE">
<![CDATA[  [firefox] › e2e.spec.js:279:7 › Responsive End-to-End Tests › Desktop Workflow (1920x1080) › should have accessible navigation on mobile 

    Error: browserType.launch: Executable doesn't exist at /home/leila/.cache/ms-playwright/firefox-1497/firefox/firefox
    ╔═════════════════════════════════════════════════════════════════════════╗
    ║ Looks like Playwright Test or Playwright was just installed or updated. ║
    ║ Please run the following command to download new browsers:              ║
    ║                                                                         ║
    ║     npx playwright install                                              ║
    ║                                                                         ║
    ║ <3 Playwright Team                                                      ║
    ╚═════════════════════════════════════════════════════════════════════════╝
]]>
</failure>
</testcase>
<testcase name="Assistive Technology Workflows › should work with screen reader simulation" classname="e2e.spec.js" time="0.011">
<failure message="e2e.spec.js:314:3 should work with screen reader simulation" type="FAILURE">
<![CDATA[  [firefox] › e2e.spec.js:314:3 › Assistive Technology Workflows › should work with screen reader simulation 

    Error: browserType.launch: Executable doesn't exist at /home/leila/.cache/ms-playwright/firefox-1497/firefox/firefox
    ╔═════════════════════════════════════════════════════════════════════════╗
    ║ Looks like Playwright Test or Playwright was just installed or updated. ║
    ║ Please run the following command to download new browsers:              ║
    ║                                                                         ║
    ║     npx playwright install                                              ║
    ║                                                                         ║
    ║ <3 Playwright Team                                                      ║
    ╚═════════════════════════════════════════════════════════════════════════╝
]]>
</failure>
</testcase>
<testcase name="Assistive Technology Workflows › should support keyboard-only navigation" classname="e2e.spec.js" time="0.008">
<failure message="e2e.spec.js:352:3 should support keyboard-only navigation" type="FAILURE">
<![CDATA[  [firefox] › e2e.spec.js:352:3 › Assistive Technology Workflows › should support keyboard-only navigation 

    Error: browserType.launch: Executable doesn't exist at /home/leila/.cache/ms-playwright/firefox-1497/firefox/firefox
    ╔═════════════════════════════════════════════════════════════════════════╗
    ║ Looks like Playwright Test or Playwright was just installed or updated. ║
    ║ Please run the following command to download new browsers:              ║
    ║                                                                         ║
    ║     npx playwright install                                              ║
    ║                                                                         ║
    ║ <3 Playwright Team                                                      ║
    ╚═════════════════════════════════════════════════════════════════════════╝
]]>
</failure>
</testcase>
<testcase name="Error Handling and Edge Cases › should handle form validation errors accessibly" classname="e2e.spec.js" time="0.01">
<failure message="e2e.spec.js:400:3 should handle form validation errors accessibly" type="FAILURE">
<![CDATA[  [firefox] › e2e.spec.js:400:3 › Error Handling and Edge Cases › should handle form validation errors accessibly 

    Error: browserType.launch: Executable doesn't exist at /home/leila/.cache/ms-playwright/firefox-1497/firefox/firefox
    ╔═════════════════════════════════════════════════════════════════════════╗
    ║ Looks like Playwright Test or Playwright was just installed or updated. ║
    ║ Please run the following command to download new browsers:              ║
    ║                                                                         ║
    ║     npx playwright install                                              ║
    ║                                                                         ║
    ║ <3 Playwright Team                                                      ║
    ╚═════════════════════════════════════════════════════════════════════════╝
]]>
</failure>
</testcase>
<testcase name="Error Handling and Edge Cases › should handle network errors gracefully" classname="e2e.spec.js" time="0.01">
<failure message="e2e.spec.js:432:3 should handle network errors gracefully" type="FAILURE">
<![CDATA[  [firefox] › e2e.spec.js:432:3 › Error Handling and Edge Cases › should handle network errors gracefully 

    Error: browserType.launch: Executable doesn't exist at /home/leila/.cache/ms-playwright/firefox-1497/firefox/firefox
    ╔═════════════════════════════════════════════════════════════════════════╗
    ║ Looks like Playwright Test or Playwright was just installed or updated. ║
    ║ Please run the following command to download new browsers:              ║
    ║                                                                         ║
    ║     npx playwright install                                              ║
    ║                                                                         ║
    ║ <3 Playwright Team                                                      ║
    ╚═════════════════════════════════════════════════════════════════════════╝
]]>
</failure>
</testcase>
</testsuite>
<testsuite name="guest-booking.spec.js" timestamp="2026-01-26T23:11:28.578Z" hostname="firefox" tests="4" failures="4" skipped="0" time="0.045" errors="0">
<testcase name="Guest Booking Flow › should complete full guest booking workflow with lazy registration" classname="guest-booking.spec.js" time="0.011">
<failure message="guest-booking.spec.js:9:3 should complete full guest booking workflow with lazy registration" type="FAILURE">
<![CDATA[  [firefox] › guest-booking.spec.js:9:3 › Guest Booking Flow › should complete full guest booking workflow with lazy registration 

    Error: browserType.launch: Executable doesn't exist at /home/leila/.cache/ms-playwright/firefox-1497/firefox/firefox
    ╔═════════════════════════════════════════════════════════════════════════╗
    ║ Looks like Playwright Test or Playwright was just installed or updated. ║
    ║ Please run the following command to download new browsers:              ║
    ║                                                                         ║
    ║     npx playwright install                                              ║
    ║                                                                         ║
    ║ <3 Playwright Team                                                      ║
    ╚═════════════════════════════════════════════════════════════════════════╝
]]>
</failure>
</testcase>
<testcase name="Guest Booking Flow › should handle sign-up prompt acceptance" classname="guest-booking.spec.js" time="0.012">
<failure message="guest-booking.spec.js:123:3 should handle sign-up prompt acceptance" type="FAILURE">
<![CDATA[  [firefox] › guest-booking.spec.js:123:3 › Guest Booking Flow › should handle sign-up prompt acceptance 

    Error: browserType.launch: Executable doesn't exist at /home/leila/.cache/ms-playwright/firefox-1497/firefox/firefox
    ╔═════════════════════════════════════════════════════════════════════════╗
    ║ Looks like Playwright Test or Playwright was just installed or updated. ║
    ║ Please run the following command to download new browsers:              ║
    ║                                                                         ║
    ║     npx playwright install                                              ║
    ║                                                                         ║
    ║ <3 Playwright Team                                                      ║
    ╚═════════════════════════════════════════════════════════════════════════╝
]]>
</failure>
</testcase>
<testcase name="Guest Booking Flow › should validate guest booking form fields" classname="guest-booking.spec.js" time="0.013">
<failure message="guest-booking.spec.js:163:3 should validate guest booking form fields" type="FAILURE">
<![CDATA[  [firefox] › guest-booking.spec.js:163:3 › Guest Booking Flow › should validate guest booking form fields 

    Error: browserType.launch: Executable doesn't exist at /home/leila/.cache/ms-playwright/firefox-1497/firefox/firefox
    ╔═════════════════════════════════════════════════════════════════════════╗
    ║ Looks like Playwright Test or Playwright was just installed or updated. ║
    ║ Please run the following command to download new browsers:              ║
    ║                                                                         ║
    ║     npx playwright install                                              ║
    ║                                                                         ║
    ║ <3 Playwright Team                                                      ║
    ╚═════════════════════════════════════════════════════════════════════════╝
]]>
</failure>
</testcase>
<testcase name="Guest Booking Flow › should allow browsing provider profiles" classname="guest-booking.spec.js" time="0.009">
<failure message="guest-booking.spec.js:203:3 should allow browsing provider profiles" type="FAILURE">
<![CDATA[  [firefox] › guest-booking.spec.js:203:3 › Guest Booking Flow › should allow browsing provider profiles 

    Error: browserType.launch: Executable doesn't exist at /home/leila/.cache/ms-playwright/firefox-1497/firefox/firefox
    ╔═════════════════════════════════════════════════════════════════════════╗
    ║ Looks like Playwright Test or Playwright was just installed or updated. ║
    ║ Please run the following command to download new browsers:              ║
    ║                                                                         ║
    ║     npx playwright install                                              ║
    ║                                                                         ║
    ║ <3 Playwright Team                                                      ║
    ╚═════════════════════════════════════════════════════════════════════════╝
]]>
</failure>
</testcase>
</testsuite>
<testsuite name="uat.spec.js" timestamp="2026-01-26T23:11:28.578Z" hostname="firefox" tests="18" failures="18" skipped="0" time="0.198" errors="0">
<testcase name="User Acceptance Testing (UAT) › New User Registration &amp; First Appointment › should complete Complete workflow for a new user registering and booking their first appointment" classname="uat.spec.js" time="0.011">
<failure message="uat.spec.js:201:7 should complete Complete workflow for a new user registering and booking their first appointment" type="FAILURE">
<![CDATA[  [firefox] › uat.spec.js:201:7 › User Acceptance Testing (UAT) › New User Registration & First Appointment › should complete Complete workflow for a new user registering and booking their first appointment 

    Error: browserType.launch: Executable doesn't exist at /home/leila/.cache/ms-playwright/firefox-1497/firefox/firefox
    ╔═════════════════════════════════════════════════════════════════════════╗
    ║ Looks like Playwright Test or Playwright was just installed or updated. ║
    ║ Please run the following command to download new browsers:              ║
    ║                                                                         ║
    ║     npx playwright install                                              ║
    ║                                                                         ║
    ║ <3 Playwright Team                                                      ║
    ╚═════════════════════════════════════════════════════════════════════════╝
]]>
</failure>
</testcase>
<testcase name="User Acceptance Testing (UAT) › Existing User Managing Appointments › should complete Returning user managing their appointment schedule" classname="uat.spec.js" time="0.011">
<failure message="uat.spec.js:201:7 should complete Returning user managing their appointment schedule" type="FAILURE">
<![CDATA[  [firefox] › uat.spec.js:201:7 › User Acceptance Testing (UAT) › Existing User Managing Appointments › should complete Returning user managing their appointment schedule 

    Error: browserType.launch: Executable doesn't exist at /home/leila/.cache/ms-playwright/firefox-1497/firefox/firefox
    ╔═════════════════════════════════════════════════════════════════════════╗
    ║ Looks like Playwright Test or Playwright was just installed or updated. ║
    ║ Please run the following command to download new browsers:              ║
    ║                                                                         ║
    ║     npx playwright install                                              ║
    ║                                                                         ║
    ║ <3 Playwright Team                                                      ║
    ╚═════════════════════════════════════════════════════════════════════════╝
]]>
</failure>
</testcase>
<testcase name="User Acceptance Testing (UAT) › Provider Managing Schedule › should complete Healthcare provider managing their appointment schedule" classname="uat.spec.js" time="0.013">
<failure message="uat.spec.js:201:7 should complete Healthcare provider managing their appointment schedule" type="FAILURE">
<![CDATA[  [firefox] › uat.spec.js:201:7 › User Acceptance Testing (UAT) › Provider Managing Schedule › should complete Healthcare provider managing their appointment schedule 

    Error: browserType.launch: Executable doesn't exist at /home/leila/.cache/ms-playwright/firefox-1497/firefox/firefox
    ╔═════════════════════════════════════════════════════════════════════════╗
    ║ Looks like Playwright Test or Playwright was just installed or updated. ║
    ║ Please run the following command to download new browsers:              ║
    ║                                                                         ║
    ║     npx playwright install                                              ║
    ║                                                                         ║
    ║ <3 Playwright Team                                                      ║
    ╚═════════════════════════════════════════════════════════════════════════╝
]]>
</failure>
</testcase>
<testcase name="User Acceptance Testing (UAT) › Accessibility-First User Experience › should complete Testing with enhanced accessibility features enabled" classname="uat.spec.js" time="0.008">
<failure message="uat.spec.js:201:7 should complete Testing with enhanced accessibility features enabled" type="FAILURE">
<![CDATA[  [firefox] › uat.spec.js:201:7 › User Acceptance Testing (UAT) › Accessibility-First User Experience › should complete Testing with enhanced accessibility features enabled 

    Error: browserType.launch: Executable doesn't exist at /home/leila/.cache/ms-playwright/firefox-1497/firefox/firefox
    ╔═════════════════════════════════════════════════════════════════════════╗
    ║ Looks like Playwright Test or Playwright was just installed or updated. ║
    ║ Please run the following command to download new browsers:              ║
    ║                                                                         ║
    ║     npx playwright install                                              ║
    ║                                                                         ║
    ║ <3 Playwright Team                                                      ║
    ╚═════════════════════════════════════════════════════════════════════════╝
]]>
</failure>
</testcase>
<testcase name="User Acceptance Testing (UAT) › UAT - Mobile Phone Portrait › should complete login on Mobile Phone Portrait" classname="uat.spec.js" time="0.012">
<failure message="uat.spec.js:291:9 should complete login on Mobile Phone Portrait" type="FAILURE">
<![CDATA[  [firefox] › uat.spec.js:291:9 › User Acceptance Testing (UAT) › UAT - Mobile Phone Portrait › should complete login on Mobile Phone Portrait 

    Error: browserType.launch: Executable doesn't exist at /home/leila/.cache/ms-playwright/firefox-1497/firefox/firefox
    ╔═════════════════════════════════════════════════════════════════════════╗
    ║ Looks like Playwright Test or Playwright was just installed or updated. ║
    ║ Please run the following command to download new browsers:              ║
    ║                                                                         ║
    ║     npx playwright install                                              ║
    ║                                                                         ║
    ║ <3 Playwright Team                                                      ║
    ╚═════════════════════════════════════════════════════════════════════════╝
]]>
</failure>
</testcase>
<testcase name="User Acceptance Testing (UAT) › UAT - Mobile Phone Portrait › should complete booking on Mobile Phone Portrait" classname="uat.spec.js" time="0.011">
<failure message="uat.spec.js:291:9 should complete booking on Mobile Phone Portrait" type="FAILURE">
<![CDATA[  [firefox] › uat.spec.js:291:9 › User Acceptance Testing (UAT) › UAT - Mobile Phone Portrait › should complete booking on Mobile Phone Portrait 

    Error: browserType.launch: Executable doesn't exist at /home/leila/.cache/ms-playwright/firefox-1497/firefox/firefox
    ╔═════════════════════════════════════════════════════════════════════════╗
    ║ Looks like Playwright Test or Playwright was just installed or updated. ║
    ║ Please run the following command to download new browsers:              ║
    ║                                                                         ║
    ║     npx playwright install                                              ║
    ║                                                                         ║
    ║ <3 Playwright Team                                                      ║
    ╚═════════════════════════════════════════════════════════════════════════╝
]]>
</failure>
</testcase>
<testcase name="User Acceptance Testing (UAT) › UAT - Mobile Phone Portrait › should complete profile_management on Mobile Phone Portrait" classname="uat.spec.js" time="0.01">
<failure message="uat.spec.js:291:9 should complete profile_management on Mobile Phone Portrait" type="FAILURE">
<![CDATA[  [firefox] › uat.spec.js:291:9 › User Acceptance Testing (UAT) › UAT - Mobile Phone Portrait › should complete profile_management on Mobile Phone Portrait 

    Error: browserType.launch: Executable doesn't exist at /home/leila/.cache/ms-playwright/firefox-1497/firefox/firefox
    ╔═════════════════════════════════════════════════════════════════════════╗
    ║ Looks like Playwright Test or Playwright was just installed or updated. ║
    ║ Please run the following command to download new browsers:              ║
    ║                                                                         ║
    ║     npx playwright install                                              ║
    ║                                                                         ║
    ║ <3 Playwright Team                                                      ║
    ╚═════════════════════════════════════════════════════════════════════════╝
]]>
</failure>
</testcase>
<testcase name="User Acceptance Testing (UAT) › UAT - Mobile Phone Landscape › should complete booking on Mobile Phone Landscape" classname="uat.spec.js" time="0.014">
<failure message="uat.spec.js:291:9 should complete booking on Mobile Phone Landscape" type="FAILURE">
<![CDATA[  [firefox] › uat.spec.js:291:9 › User Acceptance Testing (UAT) › UAT - Mobile Phone Landscape › should complete booking on Mobile Phone Landscape 

    Error: browserType.launch: Executable doesn't exist at /home/leila/.cache/ms-playwright/firefox-1497/firefox/firefox
    ╔═════════════════════════════════════════════════════════════════════════╗
    ║ Looks like Playwright Test or Playwright was just installed or updated. ║
    ║ Please run the following command to download new browsers:              ║
    ║                                                                         ║
    ║     npx playwright install                                              ║
    ║                                                                         ║
    ║ <3 Playwright Team                                                      ║
    ╚═════════════════════════════════════════════════════════════════════════╝
]]>
</failure>
</testcase>
<testcase name="User Acceptance Testing (UAT) › UAT - Mobile Phone Landscape › should complete appointment_view on Mobile Phone Landscape" classname="uat.spec.js" time="0.013">
<failure message="uat.spec.js:291:9 should complete appointment_view on Mobile Phone Landscape" type="FAILURE">
<![CDATA[  [firefox] › uat.spec.js:291:9 › User Acceptance Testing (UAT) › UAT - Mobile Phone Landscape › should complete appointment_view on Mobile Phone Landscape 

    Error: browserType.launch: Executable doesn't exist at /home/leila/.cache/ms-playwright/firefox-1497/firefox/firefox
    ╔═════════════════════════════════════════════════════════════════════════╗
    ║ Looks like Playwright Test or Playwright was just installed or updated. ║
    ║ Please run the following command to download new browsers:              ║
    ║                                                                         ║
    ║     npx playwright install                                              ║
    ║                                                                         ║
    ║ <3 Playwright Team                                                      ║
    ╚═════════════════════════════════════════════════════════════════════════╝
]]>
</failure>
</testcase>
<testcase name="User Acceptance Testing (UAT) › UAT - Tablet Portrait › should complete provider_dashboard on Tablet Portrait" classname="uat.spec.js" time="0.011">
<failure message="uat.spec.js:291:9 should complete provider_dashboard on Tablet Portrait" type="FAILURE">
<![CDATA[  [firefox] › uat.spec.js:291:9 › User Acceptance Testing (UAT) › UAT - Tablet Portrait › should complete provider_dashboard on Tablet Portrait 

    Error: browserType.launch: Executable doesn't exist at /home/leila/.cache/ms-playwright/firefox-1497/firefox/firefox
    ╔═════════════════════════════════════════════════════════════════════════╗
    ║ Looks like Playwright Test or Playwright was just installed or updated. ║
    ║ Please run the following command to download new browsers:              ║
    ║                                                                         ║
    ║     npx playwright install                                              ║
    ║                                                                         ║
    ║ <3 Playwright Team                                                      ║
    ╚═════════════════════════════════════════════════════════════════════════╝
]]>
</failure>
</testcase>
<testcase name="User Acceptance Testing (UAT) › UAT - Tablet Portrait › should complete schedule_management on Tablet Portrait" classname="uat.spec.js" time="0.012">
<failure message="uat.spec.js:291:9 should complete schedule_management on Tablet Portrait" type="FAILURE">
<![CDATA[  [firefox] › uat.spec.js:291:9 › User Acceptance Testing (UAT) › UAT - Tablet Portrait › should complete schedule_management on Tablet Portrait 

    Error: browserType.launch: Executable doesn't exist at /home/leila/.cache/ms-playwright/firefox-1497/firefox/firefox
    ╔═════════════════════════════════════════════════════════════════════════╗
    ║ Looks like Playwright Test or Playwright was just installed or updated. ║
    ║ Please run the following command to download new browsers:              ║
    ║                                                                         ║
    ║     npx playwright install                                              ║
    ║                                                                         ║
    ║ <3 Playwright Team                                                      ║
    ╚═════════════════════════════════════════════════════════════════════════╝
]]>
</failure>
</testcase>
<testcase name="User Acceptance Testing (UAT) › UAT - Desktop Standard › should complete full_workflow on Desktop Standard" classname="uat.spec.js" time="0.009">
<failure message="uat.spec.js:291:9 should complete full_workflow on Desktop Standard" type="FAILURE">
<![CDATA[  [firefox] › uat.spec.js:291:9 › User Acceptance Testing (UAT) › UAT - Desktop Standard › should complete full_workflow on Desktop Standard 

    Error: browserType.launch: Executable doesn't exist at /home/leila/.cache/ms-playwright/firefox-1497/firefox/firefox
    ╔═════════════════════════════════════════════════════════════════════════╗
[...]
    ║     npx playwright install                                              ║
    ║                                                                         ║
    ║ <3 Playwright Team                                                      ║
    ╚═════════════════════════════════════════════════════════════════════════╝
]]>
</failure>
</testcase>
<testcase name="User Acceptance Testing (UAT) › Provider Managing Schedule › should complete Healthcare provider managing their appointment schedule" classname="uat.spec.js" time="0.183">
<failure message="uat.spec.js:201:7 should complete Healthcare provider managing their appointment schedule" type="FAILURE">
<![CDATA[  [accessibility] › uat.spec.js:201:7 › User Acceptance Testing (UAT) › Provider Managing Schedule › should complete Healthcare provider managing their appointment schedule 

    Error: browserContext.newPage: Executable doesn't exist at /home/leila/.cache/ms-playwright/ffmpeg-1011/ffmpeg-linux
    ╔═════════════════════════════════════════════════════════════════════════╗
    ║ Looks like Playwright Test or Playwright was just installed or updated. ║
    ║ Please run the following command to download new browsers:              ║
    ║                                                                         ║
    ║     npx playwright install                                              ║
    ║                                                                         ║
    ║ <3 Playwright Team                                                      ║
    ╚═════════════════════════════════════════════════════════════════════════╝
]]>
</failure>
</testcase>
<testcase name="User Acceptance Testing (UAT) › Accessibility-First User Experience › should complete Testing with enhanced accessibility features enabled" classname="uat.spec.js" time="0.213">
<failure message="uat.spec.js:201:7 should complete Testing with enhanced accessibility features enabled" type="FAILURE">
<![CDATA[  [accessibility] › uat.spec.js:201:7 › User Acceptance Testing (UAT) › Accessibility-First User Experience › should complete Testing with enhanced accessibility features enabled 

    Error: browserContext.newPage: Executable doesn't exist at /home/leila/.cache/ms-playwright/ffmpeg-1011/ffmpeg-linux
    ╔═════════════════════════════════════════════════════════════════════════╗
    ║ Looks like Playwright Test or Playwright was just installed or updated. ║
    ║ Please run the following command to download new browsers:              ║
    ║                                                                         ║
    ║     npx playwright install                                              ║
    ║                                                                         ║
    ║ <3 Playwright Team                                                      ║
    ╚═════════════════════════════════════════════════════════════════════════╝
]]>
</failure>
</testcase>
<testcase name="User Acceptance Testing (UAT) › UAT - Mobile Phone Portrait › should complete login on Mobile Phone Portrait" classname="uat.spec.js" time="0.21">
<failure message="uat.spec.js:291:9 should complete login on Mobile Phone Portrait" type="FAILURE">
<![CDATA[  [accessibility] › uat.spec.js:291:9 › User Acceptance Testing (UAT) › UAT - Mobile Phone Portrait › should complete login on Mobile Phone Portrait 

    Error: browserContext.newPage: Executable doesn't exist at /home/leila/.cache/ms-playwright/ffmpeg-1011/ffmpeg-linux
    ╔═════════════════════════════════════════════════════════════════════════╗
    ║ Looks like Playwright Test or Playwright was just installed or updated. ║
    ║ Please run the following command to download new browsers:              ║
    ║                                                                         ║
    ║     npx playwright install                                              ║
    ║                                                                         ║
    ║ <3 Playwright Team                                                      ║
    ╚═════════════════════════════════════════════════════════════════════════╝
]]>
</failure>
</testcase>
<testcase name="User Acceptance Testing (UAT) › UAT - Mobile Phone Portrait › should complete booking on Mobile Phone Portrait" classname="uat.spec.js" time="0.194">
<failure message="uat.spec.js:291:9 should complete booking on Mobile Phone Portrait" type="FAILURE">
<![CDATA[  [accessibility] › uat.spec.js:291:9 › User Acceptance Testing (UAT) › UAT - Mobile Phone Portrait › should complete booking on Mobile Phone Portrait 

    Error: browserContext.newPage: Executable doesn't exist at /home/leila/.cache/ms-playwright/ffmpeg-1011/ffmpeg-linux
    ╔═════════════════════════════════════════════════════════════════════════╗
    ║ Looks like Playwright Test or Playwright was just installed or updated. ║
    ║ Please run the following command to download new browsers:              ║
    ║                                                                         ║
    ║     npx playwright install                                              ║
    ║                                                                         ║
    ║ <3 Playwright Team                                                      ║
    ╚═════════════════════════════════════════════════════════════════════════╝
]]>
</failure>
</testcase>
<testcase name="User Acceptance Testing (UAT) › UAT - Mobile Phone Portrait › should complete profile_management on Mobile Phone Portrait" classname="uat.spec.js" time="0.172">
<failure message="uat.spec.js:291:9 should complete profile_management on Mobile Phone Portrait" type="FAILURE">
<![CDATA[  [accessibility] › uat.spec.js:291:9 › User Acceptance Testing (UAT) › UAT - Mobile Phone Portrait › should complete profile_management on Mobile Phone Portrait 

    Error: browserContext.newPage: Executable doesn't exist at /home/leila/.cache/ms-playwright/ffmpeg-1011/ffmpeg-linux
    ╔═════════════════════════════════════════════════════════════════════════╗
    ║ Looks like Playwright Test or Playwright was just installed or updated. ║
    ║ Please run the following command to download new browsers:              ║
    ║                                                                         ║
    ║     npx playwright install                                              ║
    ║                                                                         ║
    ║ <3 Playwright Team                                                      ║
    ╚═════════════════════════════════════════════════════════════════════════╝
]]>
</failure>
</testcase>
<testcase name="User Acceptance Testing (UAT) › UAT - Mobile Phone Landscape › should complete booking on Mobile Phone Landscape" classname="uat.spec.js" time="0.166">
<failure message="uat.spec.js:291:9 should complete booking on Mobile Phone Landscape" type="FAILURE">
<![CDATA[  [accessibility] › uat.spec.js:291:9 › User Acceptance Testing (UAT) › UAT - Mobile Phone Landscape › should complete booking on Mobile Phone Landscape 

    Error: browserContext.newPage: Executable doesn't exist at /home/leila/.cache/ms-playwright/ffmpeg-1011/ffmpeg-linux
    ╔═════════════════════════════════════════════════════════════════════════╗
    ║ Looks like Playwright Test or Playwright was just installed or updated. ║
    ║ Please run the following command to download new browsers:              ║
    ║                                                                         ║
    ║     npx playwright install                                              ║
    ║                                                                         ║
    ║ <3 Playwright Team                                                      ║
    ╚═════════════════════════════════════════════════════════════════════════╝
]]>
</failure>
</testcase>
<testcase name="User Acceptance Testing (UAT) › UAT - Mobile Phone Landscape › should complete appointment_view on Mobile Phone Landscape" classname="uat.spec.js" time="0.148">
<failure message="uat.spec.js:291:9 should complete appointment_view on Mobile Phone Landscape" type="FAILURE">
<![CDATA[  [accessibility] › uat.spec.js:291:9 › User Acceptance Testing (UAT) › UAT - Mobile Phone Landscape › should complete appointment_view on Mobile Phone Landscape 

    Error: browserContext.newPage: Executable doesn't exist at /home/leila/.cache/ms-playwright/ffmpeg-1011/ffmpeg-linux
    ╔═════════════════════════════════════════════════════════════════════════╗
    ║ Looks like Playwright Test or Playwright was just installed or updated. ║
    ║ Please run the following command to download new browsers:              ║
    ║                                                                         ║
    ║     npx playwright install                                              ║
    ║                                                                         ║
    ║ <3 Playwright Team                                                      ║
    ╚═════════════════════════════════════════════════════════════════════════╝
]]>
</failure>
</testcase>
<testcase name="User Acceptance Testing (UAT) › UAT - Tablet Portrait › should complete provider_dashboard on Tablet Portrait" classname="uat.spec.js" time="0.123">
<failure message="uat.spec.js:291:9 should complete provider_dashboard on Tablet Portrait" type="FAILURE">
<![CDATA[  [accessibility] › uat.spec.js:291:9 › User Acceptance Testing (UAT) › UAT - Tablet Portrait › should complete provider_dashboard on Tablet Portrait 

    Error: browserContext.newPage: Executable doesn't exist at /home/leila/.cache/ms-playwright/ffmpeg-1011/ffmpeg-linux
    ╔═════════════════════════════════════════════════════════════════════════╗
    ║ Looks like Playwright Test or Playwright was just installed or updated. ║
    ║ Please run the following command to download new browsers:              ║
    ║                                                                         ║
    ║     npx playwright install                                              ║
    ║                                                                         ║
    ║ <3 Playwright Team                                                      ║
    ╚═════════════════════════════════════════════════════════════════════════╝
]]>
</failure>
</testcase>
<testcase name="User Acceptance Testing (UAT) › UAT - Tablet Portrait › should complete schedule_management on Tablet Portrait" classname="uat.spec.js" time="0.124">
<failure message="uat.spec.js:291:9 should complete schedule_management on Tablet Portrait" type="FAILURE">
<![CDATA[  [accessibility] › uat.spec.js:291:9 › User Acceptance Testing (UAT) › UAT - Tablet Portrait › should complete schedule_management on Tablet Portrait 

    Error: browserContext.newPage: Executable doesn't exist at /home/leila/.cache/ms-playwright/ffmpeg-1011/ffmpeg-linux
    ╔═════════════════════════════════════════════════════════════════════════╗
    ║ Looks like Playwright Test or Playwright was just installed or updated. ║
    ║ Please run the following command to download new browsers:              ║
    ║                                                                         ║
    ║     npx playwright install                                              ║
    ║                                                                         ║
    ║ <3 Playwright Team                                                      ║
    ╚═════════════════════════════════════════════════════════════════════════╝
]]>
</failure>
</testcase>
<testcase name="User Acceptance Testing (UAT) › UAT - Desktop Standard › should complete full_workflow on Desktop Standard" classname="uat.spec.js" time="0.125">
<failure message="uat.spec.js:291:9 should complete full_workflow on Desktop Standard" type="FAILURE">
<![CDATA[  [accessibility] › uat.spec.js:291:9 › User Acceptance Testing (UAT) › UAT - Desktop Standard › should complete full_workflow on Desktop Standard 

    Error: browserContext.newPage: Executable doesn't exist at /home/leila/.cache/ms-playwright/ffmpeg-1011/ffmpeg-linux
    ╔═════════════════════════════════════════════════════════════════════════╗
    ║ Looks like Playwright Test or Playwright was just installed or updated. ║
    ║ Please run the following command to download new browsers:              ║
    ║                                                                         ║
    ║     npx playwright install                                              ║
    ║                                                                         ║
    ║ <3 Playwright Team                                                      ║
    ╚═════════════════════════════════════════════════════════════════════════╝
]]>
</failure>
</testcase>
<testcase name="User Acceptance Testing (UAT) › UAT - Desktop Standard › should complete reporting on Desktop Standard" classname="uat.spec.js" time="0.128">
<failure message="uat.spec.js:291:9 should complete reporting on Desktop Standard" type="FAILURE">
<![CDATA[  [accessibility] › uat.spec.js:291:9 › User Acceptance Testing (UAT) › UAT - Desktop Standard › should complete reporting on Desktop Standard 

    Error: browserContext.newPage: Executable doesn't exist at /home/leila/.cache/ms-playwright/ffmpeg-1011/ffmpeg-linux
    ╔═════════════════════════════════════════════════════════════════════════╗
    ║ Looks like Playwright Test or Playwright was just installed or updated. ║
    ║ Please run the following command to download new browsers:              ║
    ║                                                                         ║
    ║     npx playwright install                                              ║
    ║                                                                         ║
    ║ <3 Playwright Team                                                      ║
    ╚═════════════════════════════════════════════════════════════════════════╝
]]>
</failure>
</testcase>
<testcase name="User Acceptance Testing (UAT) › UAT - Desktop Standard › should complete bulk_operations on Desktop Standard" classname="uat.spec.js" time="0.124">
<failure message="uat.spec.js:291:9 should complete bulk_operations on Desktop Standard" type="FAILURE">
<![CDATA[  [accessibility] › uat.spec.js:291:9 › User Acceptance Testing (UAT) › UAT - Desktop Standard › should complete bulk_operations on Desktop Standard 

    Error: browserContext.newPage: Executable doesn't exist at /home/leila/.cache/ms-playwright/ffmpeg-1011/ffmpeg-linux
    ╔═════════════════════════════════════════════════════════════════════════╗
    ║ Looks like Playwright Test or Playwright was just installed or updated. ║
    ║ Please run the following command to download new browsers:              ║
    ║                                                                         ║
    ║     npx playwright install                                              ║
    ║                                                                         ║
    ║ <3 Playwright Team                                                      ║
    ╚═════════════════════════════════════════════════════════════════════════╝
]]>
</failure>
</testcase>
<testcase name="User Acceptance Testing (UAT) › UAT - Chrome Latest › should handle Chrome Latest specific features" classname="uat.spec.js" time="0.116">
<failure message="uat.spec.js:328:7 should handle Chrome Latest specific features" type="FAILURE">
<![CDATA[  [accessibility] › uat.spec.js:328:7 › User Acceptance Testing (UAT) › UAT - Chrome Latest › should handle Chrome Latest specific features 

    Error: browserContext.newPage: Executable doesn't exist at /home/leila/.cache/ms-playwright/ffmpeg-1011/ffmpeg-linux
    ╔═════════════════════════════════════════════════════════════════════════╗
    ║ Looks like Playwright Test or Playwright was just installed or updated. ║
    ║ Please run the following command to download new browsers:              ║
    ║                                                                         ║
    ║     npx playwright install                                              ║
    ║                                                                         ║
    ║ <3 Playwright Team                                                      ║
    ╚═════════════════════════════════════════════════════════════════════════╝
]]>
</failure>
</testcase>
<testcase name="User Acceptance Testing (UAT) › UAT - Firefox Latest › should handle Firefox Latest specific features" classname="uat.spec.js" time="0.178">
<failure message="uat.spec.js:328:7 should handle Firefox Latest specific features" type="FAILURE">
<![CDATA[  [accessibility] › uat.spec.js:328:7 › User Acceptance Testing (UAT) › UAT - Firefox Latest › should handle Firefox Latest specific features 

    Error: browserContext.newPage: Executable doesn't exist at /home/leila/.cache/ms-playwright/ffmpeg-1011/ffmpeg-linux
    ╔═════════════════════════════════════════════════════════════════════════╗
    ║ Looks like Playwright Test or Playwright was just installed or updated. ║
    ║ Please run the following command to download new browsers:              ║
    ║                                                                         ║
    ║     npx playwright install                                              ║
    ║                                                                         ║
    ║ <3 Playwright Team                                                      ║
    ╚═════════════════════════════════════════════════════════════════════════╝
]]>
</failure>
</testcase>
<testcase name="User Acceptance Testing (UAT) › UAT - Safari Latest › should handle Safari Latest specific features" classname="uat.spec.js" time="0.103">
<failure message="uat.spec.js:328:7 should handle Safari Latest specific features" type="FAILURE">
<![CDATA[  [accessibility] › uat.spec.js:328:7 › User Acceptance Testing (UAT) › UAT - Safari Latest › should handle Safari Latest specific features 

    Error: browserContext.newPage: Executable doesn't exist at /home/leila/.cache/ms-playwright/ffmpeg-1011/ffmpeg-linux
    ╔═════════════════════════════════════════════════════════════════════════╗
    ║ Looks like Playwright Test or Playwright was just installed or updated. ║
    ║ Please run the following command to download new browsers:              ║
    ║                                                                         ║
    ║     npx playwright install                                              ║
    ║                                                                         ║
    ║ <3 Playwright Team                                                      ║
    ╚═════════════════════════════════════════════════════════════════════════╝
]]>
</failure>
</testcase>
<testcase name="User Acceptance Testing (UAT) › UAT - Edge Latest › should handle Edge Latest specific features" classname="uat.spec.js" time="0.07">
<failure message="uat.spec.js:328:7 should handle Edge Latest specific features" type="FAILURE">
<![CDATA[  [accessibility] › uat.spec.js:328:7 › User Acceptance Testing (UAT) › UAT - Edge Latest › should handle Edge Latest specific features 

    Error: browserContext.newPage: Executable doesn't exist at /home/leila/.cache/ms-playwright/ffmpeg-1011/ffmpeg-linux
    ╔═════════════════════════════════════════════════════════════════════════╗
    ║ Looks like Playwright Test or Playwright was just installed or updated. ║
    ║ Please run the following command to download new browsers:              ║
    ║                                                                         ║
    ║     npx playwright install                                              ║
    ║                                                                         ║
    ║ <3 Playwright Team                                                      ║
    ╚═════════════════════════════════════════════════════════════════════════╝
]]>
</failure>
</testcase>
</testsuite>
</testsuites>